2021-03-24 19:26:58,375 INFO     test_ai_mod.carbon_controllers.crawls -- Logging crawl output to /Users/bot/test_ai/apps/16a1441e-6ea2-4d27-9c49-87d50610b9c3/builds/63f82026-68bd-48e3-898b-1ddd752cabb3/logs/crawl-20210325012658.log
2021-03-24 19:26:58,376 INFO     test_ai_mod.carbon_tasks.crawl_build_task -- crawling build, app_id: 16a1441e-6ea2-4d27-9c49-87d50610b9c3, build_id: 63f82026-68bd-48e3-898b-1ddd752cabb3
2021-03-24 19:26:58,376 INFO     test_ai_mod.carbon_tasks.crawl_build_task -- num_steps (when no test): 25
2021-03-24 19:26:58,378 INFO     test_ai_mod.carbon_tasks.crawl_build_task -- max_steps: 150
2021-03-24 19:26:58,378 INFO     test_ai_mod.carbon_tasks.crawl_build_task -- max_iterations: 1
2021-03-24 19:26:58,378 INFO     test_ai_mod.carbon_tasks.crawl_build_task -- rand_seed: 1616635424
2021-03-24 19:26:58,378 INFO     test_ai_mod.carbon_tasks.crawl_build_task -- test_wildcard: *
2021-03-24 19:26:58,379 INFO     test_ai_mod.carbon_tasks.crawl_build_task -- package: None
2021-03-24 19:26:58,380 INFO     test_ai_mod.carbon_tasks.crawl_build_task -- eyes_api_key: None
2021-03-24 19:26:58,380 INFO     test_ai_mod.carbon_tasks.crawl_build_task -- is_noop: False
2021-03-24 19:26:58,382 INFO     test_ai_mod.carbon_tasks.crawl_build_task -- created crawl, id: 20210324192658
2021-03-24 19:26:58,383 INFO     test_ai_mod.carbon_dao.local_carbon_dao -- Getting build info: APP_ID: 16a1441e-6ea2-4d27-9c49-87d50610b9c3, BUILD_ID: 63f82026-68bd-48e3-898b-1ddd752cabb3
2021-03-24 19:26:58,384 INFO     test_ai_mod.carbon_dao.local_carbon_dao -- Getting build info: APP_ID: 16a1441e-6ea2-4d27-9c49-87d50610b9c3, BUILD_ID: 63f82026-68bd-48e3-898b-1ddd752cabb3
2021-03-24 19:26:58,385 INFO     test_ai_mod.carbon_explore.explore -- using default extra walk count: 0
2021-03-24 19:26:58,404 INFO     test_ai_mod.carbon_tasks.crawl_build_task -- initiating walk [1/1]
2021-03-24 19:26:58,405 INFO     test_ai_mod.carbon_test_case.carbon_tests -- initial number of steps for walk: 25
2021-03-24 19:26:58,405 INFO     test_ai_mod.carbon_tasks.crawl_build_task -- effective_max_steps this walk: 26
2021-03-24 19:26:58,405 INFO     test_ai_mod.carbon_explore.explore -- **************************************************
2021-03-24 19:26:58,405 INFO     test_ai_mod.carbon_explore.explore -- **************************************************
2021-03-24 19:26:58,406 INFO     test_ai_mod.carbon_explore.explore -- *                                                *
2021-03-24 19:26:58,406 INFO     test_ai_mod.carbon_explore.explore -- *                   BRAIN                    *
2021-03-24 19:26:58,406 INFO     test_ai_mod.carbon_explore.explore -- *                                                *
2021-03-24 19:26:58,406 INFO     test_ai_mod.carbon_explore.explore -- **************************************************
2021-03-24 19:26:58,413 INFO     test_ai_mod.carbon_explore.explore -- **************************************************
2021-03-24 19:26:58,413 INFO     test_ai_mod.carbon_initialization.initialization -- Random seed: 1616635424
2021-03-24 19:26:58,415 INFO     test_ai_mod.carbon_initialization.initialization -- ````````````````````````````````````````````````````````````````````````````````
2021-03-24 19:26:58,415 INFO     test_ai_mod.carbon_initialization.initialization --                   PACKAGE: 16a1441e-6ea2-4d27-9c49-87d50610b9c3
2021-03-24 19:26:58,416 INFO     test_ai_mod.carbon_initialization.initialization -- ````````````````````````````````````````````````````````````````````````````````
2021-03-24 19:26:58,416 INFO     test_ai_mod.carbon_initialization.initialization -- platform: DESKTOP_CHROME
2021-03-24 19:26:58,419 INFO     test_ai_mod.carbon_initialization.initialization -- using crawl_directory: /Users/bot/test_ai/apps/16a1441e-6ea2-4d27-9c49-87d50610b9c3/builds/63f82026-68bd-48e3-898b-1ddd752cabb3/crawls/20210324192658
2021-03-24 19:26:58,423 INFO     test_ai_mod.carbon_botio.bot_io -- retrieving bot IO for app: 16a1441e-6ea2-4d27-9c49-87d50610b9c3
2021-03-24 19:26:58,423 INFO     test_ai_mod.carbon_botio.bot_io -- ^^^^^^^^^^^^^^^^^^^^^^^^^^^^^^^^^^^^^^^^^^^^^^^^^^^^^^^^^^^^^^^^^^^^^^^^^^^^^^^^
2021-03-24 19:26:58,423 INFO     test_ai_mod.carbon_botio.bot_io -- botio_filepath: /Users/bot/test_ai/apps/16a1441e-6ea2-4d27-9c49-87d50610b9c3/lkg/botio.json
2021-03-24 19:26:58,424 INFO     test_ai_mod.carbon_botio.bot_io -- use_snapshot: False
2021-03-24 19:26:58,424 INFO     test_ai_mod.carbon_botio.bot_io -- no botIO found for app: 16a1441e-6ea2-4d27-9c49-87d50610b9c3
2021-03-24 19:26:58,431 INFO     test_ai_mod.carbon_utils.carbon_data -- loading models from LKG dir
2021-03-24 19:26:58,432 INFO     test_ai_mod.carbon_utils.carbon_data -- loading models from LKG dir
2021-03-24 19:26:58,432 INFO     test_ai_mod.carbon_explore.test_hooks -- Test case is None, no need for on_setup.
2021-03-24 19:26:58,433 INFO     test_ai_mod.carbon_utils.simulator_tools -- preparing clean iteration state...
2021-03-24 19:26:58,433 INFO     test_ai_mod.carbon_utils.simulator_tools -- starting appium
2021-03-24 19:26:58,433 INFO     test_ai_mod.carbon_utils.simulator_tools -- starting appium, platform: DESKTOP_CHROME
2021-03-24 19:26:58,433 INFO     test_ai_mod.carbon_utils.simulator_tools -- starting appium/webdriver for desktop chrome
2021-03-24 19:26:58,433 INFO     test_ai_mod.carbon_automation.automator -- Creating Automator Singleton
2021-03-24 19:26:58,433 INFO     test_ai_mod.carbon_automation.automator -- Using automator as execution platform
2021-03-24 19:26:58,471 INFO     werkzeug -- 127.0.0.1 - - [24/Mar/2021 19:26:58] "[37mGET /api/v1/config/widgets HTTP/1.1[0m" 200 -
2021-03-24 19:26:58,475 INFO     test_ai_mod.carbon_dao.local_carbon_dao -- Getting build info: APP_ID: 16a1441e-6ea2-4d27-9c49-87d50610b9c3, BUILD_ID: 63f82026-68bd-48e3-898b-1ddd752cabb3
2021-03-24 19:26:58,477 INFO     werkzeug -- 127.0.0.1 - - [24/Mar/2021 19:26:58] "[37mGET /api/v1/c/testai/apps/web/16a1441e-6ea2-4d27-9c49-87d50610b9c3/tests HTTP/1.1[0m" 200 -
2021-03-24 19:26:58,517 INFO     werkzeug -- 127.0.0.1 - - [24/Mar/2021 19:26:58] "[37mGET /images/vapor/web-automation.gif HTTP/1.1[0m" 200 -
2021-03-24 19:26:58,523 INFO     werkzeug -- 127.0.0.1 - - [24/Mar/2021 19:26:58] "[37mGET /api/v2/status HTTP/1.1[0m" 200 -
2021-03-24 19:26:58,540 INFO     werkzeug -- 127.0.0.1 - - [24/Mar/2021 19:26:58] "[37mGET /images/vapor/icon-filter.svg HTTP/1.1[0m" 200 -
2021-03-24 19:26:58,541 INFO     werkzeug -- 127.0.0.1 - - [24/Mar/2021 19:26:58] "[37mGET /images/vapor/icon-bot-face.svg HTTP/1.1[0m" 200 -
2021-03-24 19:26:58,547 INFO     werkzeug -- 127.0.0.1 - - [24/Mar/2021 19:26:58] "[37mGET /images/vapor/icon-copy.svg HTTP/1.1[0m" 200 -
2021-03-24 19:26:58,549 INFO     werkzeug -- 127.0.0.1 - - [24/Mar/2021 19:26:58] "[37mGET /images/vapor/composing.png HTTP/1.1[0m" 200 -
2021-03-24 19:26:58,565 INFO     werkzeug -- 127.0.0.1 - - [24/Mar/2021 19:26:58] "[37mGET /favicon.ico HTTP/1.1[0m" 200 -
2021-03-24 19:27:03,499 INFO     test_ai_mod.carbon_utils.simulator_tools -- going to http://www.sandbox-testing.surge.sh
2021-03-24 19:27:04,874 INFO     test_ai_mod.carbon_utils.simulator_tools -- completed setting url, additional time: 1.374489
2021-03-24 19:27:05,444 INFO     werkzeug -- 127.0.0.1 - - [24/Mar/2021 19:27:05] "[37mGET /api/v2/status HTTP/1.1[0m" 200 -
2021-03-24 19:27:08,300 INFO     test_ai_mod.carbon_initialization.initialization -- starting dom stability
2021-03-24 19:27:08,301 INFO     test_ai_mod.carbon_explore.explore_utils -- saving screenshot
2021-03-24 19:27:09,679 INFO     test_ai_mod.carbon_explore.explore_utils -- scn_shot_file_path: /Users/bot/test_ai/apps/16a1441e-6ea2-4d27-9c49-87d50610b9c3/builds/63f82026-68bd-48e3-898b-1ddd752cabb3/crawls/20210324192658/tmp/runtime_labeling_screen.png
2021-03-24 19:27:09,907 INFO     test_ai_mod.carbon_explore.explore_utils -- saving screenshot
2021-03-24 19:27:11,495 INFO     test_ai_mod.carbon_explore.explore_utils -- scn_shot_file_path: /Users/bot/test_ai/apps/16a1441e-6ea2-4d27-9c49-87d50610b9c3/builds/63f82026-68bd-48e3-898b-1ddd752cabb3/crawls/20210324192658/tmp/runtime_labeling_screen.png
2021-03-24 19:27:11,717 INFO     test_ai_mod.carbon_explore.explore_utils -- saving screenshot
2021-03-24 19:27:13,069 INFO     test_ai_mod.carbon_explore.explore_utils -- scn_shot_file_path: /Users/bot/test_ai/apps/16a1441e-6ea2-4d27-9c49-87d50610b9c3/builds/63f82026-68bd-48e3-898b-1ddd752cabb3/crawls/20210324192658/tmp/runtime_labeling_screen.png
2021-03-24 19:27:13,274 INFO     test_ai_mod.carbon_explore.explore_utils -- saving screenshot
2021-03-24 19:27:14,714 INFO     test_ai_mod.carbon_explore.explore_utils -- scn_shot_file_path: /Users/bot/test_ai/apps/16a1441e-6ea2-4d27-9c49-87d50610b9c3/builds/63f82026-68bd-48e3-898b-1ddd752cabb3/crawls/20210324192658/tmp/runtime_labeling_screen.png
2021-03-24 19:27:14,923 INFO     test_ai_mod.carbon_explore.explore_utils -- saving screenshot
2021-03-24 19:27:16,412 INFO     test_ai_mod.carbon_explore.explore_utils -- scn_shot_file_path: /Users/bot/test_ai/apps/16a1441e-6ea2-4d27-9c49-87d50610b9c3/builds/63f82026-68bd-48e3-898b-1ddd752cabb3/crawls/20210324192658/tmp/runtime_labeling_screen.png
2021-03-24 19:27:16,623 INFO     test_ai_mod.carbon_explore.explore_utils -- saving screenshot
2021-03-24 19:27:18,039 INFO     test_ai_mod.carbon_explore.explore_utils -- scn_shot_file_path: /Users/bot/test_ai/apps/16a1441e-6ea2-4d27-9c49-87d50610b9c3/builds/63f82026-68bd-48e3-898b-1ddd752cabb3/crawls/20210324192658/tmp/runtime_labeling_screen.png
2021-03-24 19:27:18,149 INFO     test_ai_mod.carbon_actions.carbon_actions -- Seen the same screen the max amount (5)
2021-03-24 19:27:18,150 INFO     test_ai_mod.carbon_actions.carbon_actions -- incrementing source count to: 1
2021-03-24 19:27:18,150 INFO     test_ai_mod.carbon_initialization.initialization -- current package sent in as: 16a1441e-6ea2-4d27-9c49-87d50610b9c3
2021-03-24 19:27:18,150 INFO     test_ai_mod.carbon_initialization.initialization -- ended dom stability
2021-03-24 19:27:18,154 INFO     test_ai_mod.carbon_explore.explore -- package is set to: 16a1441e-6ea2-4d27-9c49-87d50610b9c3
2021-03-24 19:27:18,154 INFO     test_ai_mod.carbon_explore.explore -- ********************************************************************************
2021-03-24 19:27:18,155 INFO     test_ai_mod.carbon_explore.explore -- * TIMEOUT: None
2021-03-24 19:27:18,155 INFO     test_ai_mod.carbon_explore.explore -- * disable_bounceback: False
2021-03-24 19:27:18,155 INFO     test_ai_mod.carbon_explore.explore -- ********************************************************************************
2021-03-24 19:27:18,155 INFO     test_ai_mod.carbon_explore.explore -- getting walk queue
2021-03-24 19:27:18,156 INFO     test_ai_mod.carbon_explore.explore_utils -- getting screen_elems
2021-03-24 19:27:18,360 INFO     test_ai_mod.carbon_utils.scrape_utils -- Successfully collected web scrape.
2021-03-24 19:27:18,362 INFO     test_ai_mod.carbon_explore.explore_utils -- filtering elems - 21
2021-03-24 19:27:18,400 INFO     test_ai_mod.carbon_explore.explore_utils -- saving info - 20
2021-03-24 19:27:18,400 INFO     test_ai_mod.carbon_explore.explore_utils -- saving core elems iter: 0, step 0, save_dir: /Users/bot/test_ai/apps/16a1441e-6ea2-4d27-9c49-87d50610b9c3/builds/63f82026-68bd-48e3-898b-1ddd752cabb3/crawls/20210324192658
2021-03-24 19:27:18,415 INFO     test_ai_mod.carbon_explore.explore -- got all screen info saved
2021-03-24 19:27:18,415 INFO     test_ai_mod.carbon_explore.explore_utils -- saving core elems iter: 0, step 0, save_dir: /Users/bot/test_ai/apps/16a1441e-6ea2-4d27-9c49-87d50610b9c3/builds/63f82026-68bd-48e3-898b-1ddd752cabb3/crawls/20210324192658
2021-03-24 19:27:18,437 INFO     test_ai_mod.carbon_explore.result_storage -- LOG FILE PATH: /Users/bot/test_ai/apps/16a1441e-6ea2-4d27-9c49-87d50610b9c3/builds/63f82026-68bd-48e3-898b-1ddd752cabb3/crawls/20210324192658/iter_00000_step_00000_logs.txt
2021-03-24 19:27:18,438 INFO     test_ai_mod.carbon_explore.result_storage -- ALL LOGS FILE PATH: /Users/bot/test_ai/apps/16a1441e-6ea2-4d27-9c49-87d50610b9c3/builds/63f82026-68bd-48e3-898b-1ddd752cabb3/crawls/20210324192658/iter_00000_step_-0001_logs.txt
2021-03-24 19:27:18,454 INFO     test_ai_mod.carbon_explore.interactive -- Interactive explore -- start_interactive_loop starting.
2021-03-24 19:27:18,467 INFO     test_ai_mod.carbon_explore.interactive -- Interactive explore -- running initial auto label
2021-03-24 19:27:18,467 INFO     test_ai_mod.carbon_tasks.process_crawl_task -- processing crawl: 20210324192658 (app: 16a1441e-6ea2-4d27-9c49-87d50610b9c3, build: 63f82026-68bd-48e3-898b-1ddd752cabb3)
2021-03-24 19:27:18,467 INFO     test_ai_mod.carbon_tasks.process_crawl_task -- processing screens for crawl
2021-03-24 19:27:18,575 INFO     test_ai_mod.carbon_tasks.process_crawl_task -- writing unique screens file
2021-03-24 19:27:18,576 INFO     test_ai_mod.carbon_tasks.process_crawl_task -- writing screen hash map
2021-03-24 19:27:18,577 INFO     test_ai_mod.carbon_tasks.process_crawl_task -- writing screen similarity file
2021-03-24 19:27:18,578 INFO     test_ai_mod.carbon_tasks.process_crawl_task -- processing elements for crawl
2021-03-24 19:27:18,580 INFO     test_ai_mod.carbon_tasks.process_crawl_task -- processing: iter_00000_step_00000_info.json
2021-03-24 19:27:18,766 INFO     test_ai_mod.carbon_tasks.process_crawl_task -- Writing unique tags file.
2021-03-24 19:27:18,767 INFO     test_ai_mod.carbon_tasks.process_crawl_task -- writing unique elems file
2021-03-24 19:27:18,767 INFO     test_ai_mod.carbon_tasks.process_crawl_task -- writing elem hash map
2021-03-24 19:27:18,771 INFO     test_ai_mod.carbon_tasks.process_crawl_task -- writing elem similarity file
2021-03-24 19:27:18,772 INFO     test_ai_mod.carbon_tasks.process_crawl_task -- generating labeler objects file for crawl (v0)
2021-03-24 19:27:18,778 INFO     test_ai_mod.carbon_tasks.process_crawl_task -- reconciling screens labeled at runtime
2021-03-24 19:27:18,778 INFO     test_ai_mod.carbon_tasks.process_crawl_task -- reconciling elements labeled at runtime
2021-03-24 19:27:18,781 INFO     test_ai_mod.carbon_tasks.generate_auto_labels_task -- generating auto labels for crawl: 20210324192658, app_id: 16a1441e-6ea2-4d27-9c49-87d50610b9c3, build_id: 63f82026-68bd-48e3-898b-1ddd752cabb3
2021-03-24 19:27:18,782 INFO     test_ai_mod.carbon_dao.local_carbon_dao -- Getting build info: APP_ID: 16a1441e-6ea2-4d27-9c49-87d50610b9c3, BUILD_ID: 63f82026-68bd-48e3-898b-1ddd752cabb3
2021-03-24 19:27:18,784 INFO     test_ai_mod.carbon_dao.local_carbon_dao -- Getting build info: APP_ID: 16a1441e-6ea2-4d27-9c49-87d50610b9c3, BUILD_ID: 63f82026-68bd-48e3-898b-1ddd752cabb3
2021-03-24 19:27:18,794 INFO     test_ai_mod.carbon_tasks.generate_auto_labels_task -- writing merged, suggested labels to file: /Users/bot/test_ai/apps/16a1441e-6ea2-4d27-9c49-87d50610b9c3/builds/63f82026-68bd-48e3-898b-1ddd752cabb3/crawls/20210324192658/labels/suggested_labels.json
2021-03-24 19:27:18,796 INFO     test_ai_mod.carbon_tasks.generate_auto_labels_task -- writing applied hashes to labels to file: /Users/bot/test_ai/apps/16a1441e-6ea2-4d27-9c49-87d50610b9c3/lkg/hashes_to_labels.json
2021-03-24 19:27:18,797 INFO     test_ai_mod.carbon_tasks.generate_auto_labels_task -- writing applied human readable to labels to file: /Users/bot/test_ai/apps/16a1441e-6ea2-4d27-9c49-87d50610b9c3/lkg/human_readable_to_labels.json
2021-03-24 19:27:18,797 INFO     test_ai_mod.carbon_tasks.generate_auto_labels_task -- writing label to hash dicts to file: /Users/bot/test_ai/apps/16a1441e-6ea2-4d27-9c49-87d50610b9c3/lkg/label_to_hash_dicts.json
2021-03-24 19:27:18,797 INFO     test_ai_mod.carbon_tasks.generate_auto_labels_task -- writing human readable to paths to file: /Users/bot/test_ai/apps/16a1441e-6ea2-4d27-9c49-87d50610b9c3/lkg/human_readable_to_paths.json
2021-03-24 19:27:18,798 INFO     test_ai_mod.carbon_classifiers.label_classifier_pipe -- Begin loading configured modules
2021-03-24 19:27:18,798 INFO     test_ai_mod.carbon_classifiers.carbon_classifier_v1.screen_classifier -- Loading ScreenClassifier
2021-03-24 19:27:18,798 INFO     test_ai_mod.carbon_classifiers.template_matching.app_specific_template_matcher -- Loading AppSpecificTemplateMatcher
2021-03-24 19:27:18,798 INFO     test_ai_mod.carbon_classifiers.perceptual.nn_classifier -- Loading NNClassifier
2021-03-24 19:27:18,799 INFO     test_ai_mod.carbon_classifiers.template_matching.template_matching_classifier -- Loading TemplateMatchingClassifier
2021-03-24 19:27:18,799 WARNING  test_ai_mod.carbon_classifiers.template_matching.template_matching_classifier -- No template director exists at /Users/bot/test_ai/templates
2021-03-24 19:27:18,799 INFO     test_ai_mod.carbon_classifiers.http_classifier.http_classifier -- Loaded Http Classifier for ""
2021-03-24 19:27:18,799 INFO     test_ai_mod.carbon_tasks.generate_auto_labels_task -- classifying 1 unique screens
2021-03-24 19:27:18,800 INFO     test_ai_mod.carbon_utils.carbon_data -- loading models from LKG dir
2021-03-24 19:27:18,800 INFO     test_ai_mod.carbon_utils.carbon_data -- loading models from LKG dir
2021-03-24 19:27:18,802 INFO     test_ai_mod.carbon_classifiers.label_classifier_pipe -- Begin labeling elements
2021-03-24 19:27:18,812 INFO     test_ai_mod.carbon_classifiers.template_matching.app_specific_template_matcher -- Classifying screen with AppSpecificTemplateMatcher
2021-03-24 19:27:18,813 INFO     test_ai_mod.carbon_classifiers.perceptual.nn_classifier -- Classifying screen with NNClassifier
2021-03-24 19:27:18,855 INFO     test_ai_mod.carbon_classifiers.label_classifier_pipe -- End labeling elements: Time taken 0.052060842514 seconds
2021-03-24 19:27:18,856 INFO     test_ai_mod.carbon_tasks.generate_auto_labels_task -- classifying 20 unique elems
2021-03-24 19:27:18,860 INFO     test_ai_mod.carbon_utils.carbon_data -- loading models from LKG dir
2021-03-24 19:27:18,860 INFO     test_ai_mod.carbon_utils.carbon_data -- loading models from LKG dir
2021-03-24 19:27:18,860 INFO     test_ai_mod.carbon_classifiers.label_classifier_pipe -- Begin labeling elements
2021-03-24 19:27:18,871 INFO     test_ai_mod.carbon_classifiers.template_matching.app_specific_template_matcher -- Classifying screen with AppSpecificTemplateMatcher
2021-03-24 19:27:18,871 INFO     test_ai_mod.carbon_classifiers.perceptual.nn_classifier -- Classifying screen with NNClassifier
2021-03-24 19:27:18,920 INFO     test_ai_mod.carbon_classifiers.label_classifier_pipe -- End labeling elements: Time taken 0.0600230693817 seconds
2021-03-24 19:27:18,922 INFO     test_ai_mod.carbon_tasks.generate_auto_labels_task -- writing merged, suggested labels to file: /Users/bot/test_ai/apps/16a1441e-6ea2-4d27-9c49-87d50610b9c3/builds/63f82026-68bd-48e3-898b-1ddd752cabb3/crawls/20210324192658/labels/suggested_labels.json
2021-03-24 19:27:18,924 INFO     test_ai_mod.carbon_explore.interactive -- 


[32;1mCarbon Interactive Crawling Session Starting...
Please make sure you are running the test.ai GUI (./test.ai -d).
Once the GUI is running, please visit [34mhttp://localhost:5000[32;1m.
To access the interactive session, select the correct app, and click on "Live Labeling".

[0m
2021-03-24 19:27:20,444 INFO     test_ai_mod.carbon_explore.interactive -- Interactive explore -- status -- start
2021-03-24 19:27:20,444 INFO     test_ai_mod.carbon_explore.interactive -- Interactive explore -- status -- end
2021-03-24 19:27:20,461 INFO     test_ai_mod.carbon_explore.interactive -- Interactive explore -- get_crawls(web, 16a1441e-6ea2-4d27-9c49-87d50610b9c3) -- start
2021-03-24 19:27:20,468 INFO     test_ai_mod.carbon_explore.interactive -- Interactive explore -- get_crawls(web, 16a1441e-6ea2-4d27-9c49-87d50610b9c3) -- end
2021-03-24 19:27:20,522 INFO     test_ai_mod.carbon_dao.local_carbon_dao -- Getting build info: APP_ID: 16a1441e-6ea2-4d27-9c49-87d50610b9c3, BUILD_ID: 63f82026-68bd-48e3-898b-1ddd752cabb3
2021-03-24 19:27:20,626 INFO     test_ai_mod.carbon_explore.interactive -- Interactive explore -- get_labeler_objects -- start
2021-03-24 19:27:20,627 INFO     test_ai_mod.carbon_explore.interactive -- Interactive explore -- Processing crawl interactively 20210324192658
2021-03-24 19:27:20,627 INFO     test_ai_mod.carbon_tasks.process_crawl_task -- processing crawl: 20210324192658 (app: 16a1441e-6ea2-4d27-9c49-87d50610b9c3, build: 63f82026-68bd-48e3-898b-1ddd752cabb3)
2021-03-24 19:27:20,628 INFO     test_ai_mod.carbon_tasks.process_crawl_task -- processing screens for crawl
2021-03-24 19:27:20,850 INFO     test_ai_mod.carbon_tasks.process_crawl_task -- writing unique screens file
2021-03-24 19:27:20,851 INFO     test_ai_mod.carbon_tasks.process_crawl_task -- writing screen hash map
2021-03-24 19:27:20,853 INFO     test_ai_mod.carbon_tasks.process_crawl_task -- writing screen similarity file
2021-03-24 19:27:20,854 INFO     test_ai_mod.carbon_tasks.process_crawl_task -- processing elements for crawl
2021-03-24 19:27:20,856 INFO     test_ai_mod.carbon_tasks.process_crawl_task -- skipping already processed: iter_00000_step_00000_info.json
2021-03-24 19:27:20,917 INFO     test_ai_mod.carbon_tasks.process_crawl_task -- Writing unique tags file.
2021-03-24 19:27:20,917 INFO     test_ai_mod.carbon_tasks.process_crawl_task -- writing unique elems file
2021-03-24 19:27:20,918 INFO     test_ai_mod.carbon_tasks.process_crawl_task -- writing elem hash map
2021-03-24 19:27:20,922 INFO     test_ai_mod.carbon_tasks.process_crawl_task -- writing elem similarity file
2021-03-24 19:27:20,925 INFO     test_ai_mod.carbon_tasks.process_crawl_task -- generating labeler objects file for crawl (v0)
2021-03-24 19:27:20,930 INFO     test_ai_mod.carbon_tasks.process_crawl_task -- reconciling screens labeled at runtime
2021-03-24 19:27:20,931 INFO     test_ai_mod.carbon_tasks.process_crawl_task -- reconciling elements labeled at runtime
2021-03-24 19:27:20,934 INFO     test_ai_mod.carbon_explore.interactive -- Interactive explore -- Generating labels using hash information 20210324192658
2021-03-24 19:27:20,936 INFO     test_ai_mod.carbon_explore.interactive -- Interactive explore -- get_labeler_objects -- end
2021-03-24 19:27:20,983 INFO     test_ai_mod.carbon_dao.local_carbon_dao -- Getting build info: APP_ID: 16a1441e-6ea2-4d27-9c49-87d50610b9c3, BUILD_ID: 63f82026-68bd-48e3-898b-1ddd752cabb3
2021-03-24 19:27:20,996 INFO     test_ai_mod.carbon_dao.local_carbon_dao -- Getting build info: APP_ID: 16a1441e-6ea2-4d27-9c49-87d50610b9c3, BUILD_ID: 63f82026-68bd-48e3-898b-1ddd752cabb3
2021-03-24 19:27:21,035 INFO     test_ai_mod.labeler.v1.crawls -- elem image requested, crawl: 20210324192658, filename: iter_00000_step_00000_0_h1.png
2021-03-24 19:27:21,036 INFO     test_ai_mod.labeler.v1.crawls -- elem image requested, crawl: 20210324192658, filename: iter_00000_step_00000_13_div.png
2021-03-24 19:27:21,040 INFO     test_ai_mod.labeler.v1.crawls -- elem image requested, crawl: 20210324192658, filename: iter_00000_step_00000_2_div.png
2021-03-24 19:27:21,043 INFO     test_ai_mod.labeler.v1.crawls -- elem image requested, crawl: 20210324192658, filename: iter_00000_step_00000_3_div.png
2021-03-24 19:27:21,042 INFO     test_ai_mod.labeler.v1.crawls -- elem image requested, crawl: 20210324192658, filename: iter_00000_step_00000_1_img.png
2021-03-24 19:27:21,047 INFO     test_ai_mod.labeler.v1.crawls -- elem image requested, crawl: 20210324192658, filename: iter_00000_step_00000_16_div.png
2021-03-24 19:27:21,049 INFO     test_ai_mod.carbon_dao.local_carbon_dao -- Getting build info: APP_ID: 16a1441e-6ea2-4d27-9c49-87d50610b9c3, BUILD_ID: 63f82026-68bd-48e3-898b-1ddd752cabb3
2021-03-24 19:27:21,050 INFO     test_ai_mod.carbon_dao.local_carbon_dao -- Getting build info: APP_ID: 16a1441e-6ea2-4d27-9c49-87d50610b9c3, BUILD_ID: 63f82026-68bd-48e3-898b-1ddd752cabb3
2021-03-24 19:27:21,052 INFO     test_ai_mod.labeler.v1.crawls -- resolved to: /Users/bot/test_ai/apps/16a1441e-6ea2-4d27-9c49-87d50610b9c3/builds/63f82026-68bd-48e3-898b-1ddd752cabb3/crawls/20210324192658/elems/iter_00000_step_00000_0_h1.png
2021-03-24 19:27:21,052 INFO     test_ai_mod.carbon_dao.local_carbon_dao -- Getting build info: APP_ID: 16a1441e-6ea2-4d27-9c49-87d50610b9c3, BUILD_ID: 63f82026-68bd-48e3-898b-1ddd752cabb3
2021-03-24 19:27:21,052 INFO     test_ai_mod.carbon_dao.local_carbon_dao -- Getting build info: APP_ID: 16a1441e-6ea2-4d27-9c49-87d50610b9c3, BUILD_ID: 63f82026-68bd-48e3-898b-1ddd752cabb3
2021-03-24 19:27:21,054 INFO     test_ai_mod.carbon_dao.local_carbon_dao -- Getting build info: APP_ID: 16a1441e-6ea2-4d27-9c49-87d50610b9c3, BUILD_ID: 63f82026-68bd-48e3-898b-1ddd752cabb3
2021-03-24 19:27:21,056 INFO     test_ai_mod.carbon_dao.local_carbon_dao -- Getting build info: APP_ID: 16a1441e-6ea2-4d27-9c49-87d50610b9c3, BUILD_ID: 63f82026-68bd-48e3-898b-1ddd752cabb3
2021-03-24 19:27:21,056 INFO     test_ai_mod.labeler.v1.crawls -- resolved to: /Users/bot/test_ai/apps/16a1441e-6ea2-4d27-9c49-87d50610b9c3/builds/63f82026-68bd-48e3-898b-1ddd752cabb3/crawls/20210324192658/elems/iter_00000_step_00000_3_div.png
2021-03-24 19:27:21,058 INFO     test_ai_mod.labeler.v1.crawls -- resolved to: /Users/bot/test_ai/apps/16a1441e-6ea2-4d27-9c49-87d50610b9c3/builds/63f82026-68bd-48e3-898b-1ddd752cabb3/crawls/20210324192658/elems/iter_00000_step_00000_16_div.png
2021-03-24 19:27:21,060 INFO     test_ai_mod.labeler.v1.crawls -- resolved to: /Users/bot/test_ai/apps/16a1441e-6ea2-4d27-9c49-87d50610b9c3/builds/63f82026-68bd-48e3-898b-1ddd752cabb3/crawls/20210324192658/elems/iter_00000_step_00000_2_div.png
2021-03-24 19:27:21,062 INFO     test_ai_mod.labeler.v1.crawls -- resolved to: /Users/bot/test_ai/apps/16a1441e-6ea2-4d27-9c49-87d50610b9c3/builds/63f82026-68bd-48e3-898b-1ddd752cabb3/crawls/20210324192658/elems/iter_00000_step_00000_1_img.png
2021-03-24 19:27:21,064 INFO     test_ai_mod.labeler.v1.crawls -- resolved to: /Users/bot/test_ai/apps/16a1441e-6ea2-4d27-9c49-87d50610b9c3/builds/63f82026-68bd-48e3-898b-1ddd752cabb3/crawls/20210324192658/elems/iter_00000_step_00000_13_div.png
2021-03-24 19:27:21,076 INFO     test_ai_mod.labeler.v1.crawls -- elem image requested, crawl: 20210324192658, filename: iter_00000_step_00000_19_input.png
2021-03-24 19:27:21,079 INFO     test_ai_mod.carbon_dao.local_carbon_dao -- Getting build info: APP_ID: 16a1441e-6ea2-4d27-9c49-87d50610b9c3, BUILD_ID: 63f82026-68bd-48e3-898b-1ddd752cabb3
2021-03-24 19:27:21,080 INFO     test_ai_mod.labeler.v1.crawls -- resolved to: /Users/bot/test_ai/apps/16a1441e-6ea2-4d27-9c49-87d50610b9c3/builds/63f82026-68bd-48e3-898b-1ddd752cabb3/crawls/20210324192658/elems/iter_00000_step_00000_19_input.png
2021-03-24 19:27:21,097 INFO     test_ai_mod.labeler.v1.crawls -- elem image requested, crawl: 20210324192658, filename: iter_00000_step_00000_6_h3.png
2021-03-24 19:27:21,097 INFO     test_ai_mod.labeler.v1.crawls -- elem image requested, crawl: 20210324192658, filename: iter_00000_step_00000_7_h3.png
2021-03-24 19:27:21,099 INFO     test_ai_mod.labeler.v1.crawls -- elem image requested, crawl: 20210324192658, filename: iter_00000_step_00000_8_img.png
2021-03-24 19:27:21,101 INFO     test_ai_mod.labeler.v1.crawls -- elem image requested, crawl: 20210324192658, filename: iter_00000_step_00000_15_div.png
2021-03-24 19:27:21,104 INFO     test_ai_mod.labeler.v1.crawls -- elem image requested, crawl: 20210324192658, filename: iter_00000_step_00000_11_img.png
2021-03-24 19:27:21,106 INFO     test_ai_mod.labeler.v1.crawls -- elem image requested, crawl: 20210324192658, filename: iter_00000_step_00000_5_div.png
2021-03-24 19:27:21,110 INFO     test_ai_mod.carbon_dao.local_carbon_dao -- Getting build info: APP_ID: 16a1441e-6ea2-4d27-9c49-87d50610b9c3, BUILD_ID: 63f82026-68bd-48e3-898b-1ddd752cabb3
2021-03-24 19:27:21,111 INFO     test_ai_mod.carbon_dao.local_carbon_dao -- Getting build info: APP_ID: 16a1441e-6ea2-4d27-9c49-87d50610b9c3, BUILD_ID: 63f82026-68bd-48e3-898b-1ddd752cabb3
2021-03-24 19:27:21,112 INFO     test_ai_mod.carbon_dao.local_carbon_dao -- Getting build info: APP_ID: 16a1441e-6ea2-4d27-9c49-87d50610b9c3, BUILD_ID: 63f82026-68bd-48e3-898b-1ddd752cabb3
2021-03-24 19:27:21,112 INFO     test_ai_mod.carbon_dao.local_carbon_dao -- Getting build info: APP_ID: 16a1441e-6ea2-4d27-9c49-87d50610b9c3, BUILD_ID: 63f82026-68bd-48e3-898b-1ddd752cabb3
2021-03-24 19:27:21,113 INFO     test_ai_mod.labeler.v1.crawls -- resolved to: /Users/bot/test_ai/apps/16a1441e-6ea2-4d27-9c49-87d50610b9c3/builds/63f82026-68bd-48e3-898b-1ddd752cabb3/crawls/20210324192658/elems/iter_00000_step_00000_8_img.png
2021-03-24 19:27:21,114 INFO     test_ai_mod.labeler.v1.crawls -- resolved to: /Users/bot/test_ai/apps/16a1441e-6ea2-4d27-9c49-87d50610b9c3/builds/63f82026-68bd-48e3-898b-1ddd752cabb3/crawls/20210324192658/elems/iter_00000_step_00000_6_h3.png
2021-03-24 19:27:21,115 INFO     test_ai_mod.labeler.v1.crawls -- resolved to: /Users/bot/test_ai/apps/16a1441e-6ea2-4d27-9c49-87d50610b9c3/builds/63f82026-68bd-48e3-898b-1ddd752cabb3/crawls/20210324192658/elems/iter_00000_step_00000_15_div.png
2021-03-24 19:27:21,116 INFO     test_ai_mod.carbon_dao.local_carbon_dao -- Getting build info: APP_ID: 16a1441e-6ea2-4d27-9c49-87d50610b9c3, BUILD_ID: 63f82026-68bd-48e3-898b-1ddd752cabb3
2021-03-24 19:27:21,118 INFO     test_ai_mod.labeler.v1.crawls -- resolved to: /Users/bot/test_ai/apps/16a1441e-6ea2-4d27-9c49-87d50610b9c3/builds/63f82026-68bd-48e3-898b-1ddd752cabb3/crawls/20210324192658/elems/iter_00000_step_00000_7_h3.png
2021-03-24 19:27:21,120 INFO     test_ai_mod.carbon_dao.local_carbon_dao -- Getting build info: APP_ID: 16a1441e-6ea2-4d27-9c49-87d50610b9c3, BUILD_ID: 63f82026-68bd-48e3-898b-1ddd752cabb3
2021-03-24 19:27:21,125 INFO     test_ai_mod.labeler.v1.crawls -- resolved to: /Users/bot/test_ai/apps/16a1441e-6ea2-4d27-9c49-87d50610b9c3/builds/63f82026-68bd-48e3-898b-1ddd752cabb3/crawls/20210324192658/elems/iter_00000_step_00000_11_img.png
2021-03-24 19:27:21,127 INFO     test_ai_mod.labeler.v1.crawls -- resolved to: /Users/bot/test_ai/apps/16a1441e-6ea2-4d27-9c49-87d50610b9c3/builds/63f82026-68bd-48e3-898b-1ddd752cabb3/crawls/20210324192658/elems/iter_00000_step_00000_5_div.png
2021-03-24 19:27:21,136 INFO     test_ai_mod.labeler.v1.crawls -- elem image requested, crawl: 20210324192658, filename: iter_00000_step_00000_10_div.png
2021-03-24 19:27:21,140 INFO     test_ai_mod.carbon_dao.local_carbon_dao -- Getting build info: APP_ID: 16a1441e-6ea2-4d27-9c49-87d50610b9c3, BUILD_ID: 63f82026-68bd-48e3-898b-1ddd752cabb3
2021-03-24 19:27:21,142 INFO     test_ai_mod.labeler.v1.crawls -- resolved to: /Users/bot/test_ai/apps/16a1441e-6ea2-4d27-9c49-87d50610b9c3/builds/63f82026-68bd-48e3-898b-1ddd752cabb3/crawls/20210324192658/elems/iter_00000_step_00000_10_div.png
2021-03-24 19:27:21,146 INFO     test_ai_mod.labeler.v1.crawls -- elem image requested, crawl: 20210324192658, filename: iter_00000_step_00000_12_h3.png
2021-03-24 19:27:21,148 INFO     test_ai_mod.labeler.v1.crawls -- elem image requested, crawl: 20210324192658, filename: iter_00000_step_00000_9_button.png
2021-03-24 19:27:21,153 INFO     test_ai_mod.carbon_dao.local_carbon_dao -- Getting build info: APP_ID: 16a1441e-6ea2-4d27-9c49-87d50610b9c3, BUILD_ID: 63f82026-68bd-48e3-898b-1ddd752cabb3
2021-03-24 19:27:21,154 INFO     test_ai_mod.labeler.v1.crawls -- elem image requested, crawl: 20210324192658, filename: iter_00000_step_00000_14_div.png
2021-03-24 19:27:21,157 INFO     test_ai_mod.labeler.v1.crawls -- elem image requested, crawl: 20210324192658, filename: iter_00000_step_00000_17_h1.png
2021-03-24 19:27:21,159 INFO     test_ai_mod.labeler.v1.crawls -- elem image requested, crawl: 20210324192658, filename: iter_00000_step_00000_18_span.png
2021-03-24 19:27:21,162 INFO     test_ai_mod.labeler.v1.crawls -- elem image requested, crawl: 20210324192658, filename: iter_00000_step_00000_4_span.png
2021-03-24 19:27:21,162 INFO     test_ai_mod.carbon_dao.local_carbon_dao -- Getting build info: APP_ID: 16a1441e-6ea2-4d27-9c49-87d50610b9c3, BUILD_ID: 63f82026-68bd-48e3-898b-1ddd752cabb3
2021-03-24 19:27:21,163 INFO     test_ai_mod.labeler.v1.crawls -- resolved to: /Users/bot/test_ai/apps/16a1441e-6ea2-4d27-9c49-87d50610b9c3/builds/63f82026-68bd-48e3-898b-1ddd752cabb3/crawls/20210324192658/elems/iter_00000_step_00000_12_h3.png
2021-03-24 19:27:21,167 INFO     test_ai_mod.labeler.v1.crawls -- resolved to: /Users/bot/test_ai/apps/16a1441e-6ea2-4d27-9c49-87d50610b9c3/builds/63f82026-68bd-48e3-898b-1ddd752cabb3/crawls/20210324192658/elems/iter_00000_step_00000_9_button.png
2021-03-24 19:27:21,169 INFO     test_ai_mod.carbon_dao.local_carbon_dao -- Getting build info: APP_ID: 16a1441e-6ea2-4d27-9c49-87d50610b9c3, BUILD_ID: 63f82026-68bd-48e3-898b-1ddd752cabb3
2021-03-24 19:27:21,171 INFO     test_ai_mod.carbon_dao.local_carbon_dao -- Getting build info: APP_ID: 16a1441e-6ea2-4d27-9c49-87d50610b9c3, BUILD_ID: 63f82026-68bd-48e3-898b-1ddd752cabb3
2021-03-24 19:27:21,173 INFO     test_ai_mod.labeler.v1.crawls -- resolved to: /Users/bot/test_ai/apps/16a1441e-6ea2-4d27-9c49-87d50610b9c3/builds/63f82026-68bd-48e3-898b-1ddd752cabb3/crawls/20210324192658/elems/iter_00000_step_00000_14_div.png
2021-03-24 19:27:21,174 INFO     test_ai_mod.carbon_dao.local_carbon_dao -- Getting build info: APP_ID: 16a1441e-6ea2-4d27-9c49-87d50610b9c3, BUILD_ID: 63f82026-68bd-48e3-898b-1ddd752cabb3
2021-03-24 19:27:21,174 INFO     test_ai_mod.carbon_dao.local_carbon_dao -- Getting build info: APP_ID: 16a1441e-6ea2-4d27-9c49-87d50610b9c3, BUILD_ID: 63f82026-68bd-48e3-898b-1ddd752cabb3
2021-03-24 19:27:21,176 INFO     test_ai_mod.labeler.v1.crawls -- resolved to: /Users/bot/test_ai/apps/16a1441e-6ea2-4d27-9c49-87d50610b9c3/builds/63f82026-68bd-48e3-898b-1ddd752cabb3/crawls/20210324192658/elems/iter_00000_step_00000_18_span.png
2021-03-24 19:27:21,179 INFO     test_ai_mod.labeler.v1.crawls -- resolved to: /Users/bot/test_ai/apps/16a1441e-6ea2-4d27-9c49-87d50610b9c3/builds/63f82026-68bd-48e3-898b-1ddd752cabb3/crawls/20210324192658/elems/iter_00000_step_00000_17_h1.png
2021-03-24 19:27:21,181 INFO     test_ai_mod.labeler.v1.crawls -- resolved to: /Users/bot/test_ai/apps/16a1441e-6ea2-4d27-9c49-87d50610b9c3/builds/63f82026-68bd-48e3-898b-1ddd752cabb3/crawls/20210324192658/elems/iter_00000_step_00000_4_span.png
2021-03-24 19:27:21,207 INFO     test_ai_mod.carbon_dao.local_carbon_dao -- Getting build info: APP_ID: 16a1441e-6ea2-4d27-9c49-87d50610b9c3, BUILD_ID: 63f82026-68bd-48e3-898b-1ddd752cabb3
2021-03-24 19:27:23,195 INFO     test_ai_mod.labeler.v1.crawls -- elem image requested, crawl: 20210324192658, filename: iter_00000_step_00000_screenshot.png
2021-03-24 19:27:23,195 INFO     test_ai_mod.carbon_dao.local_carbon_dao -- Getting build info: APP_ID: 16a1441e-6ea2-4d27-9c49-87d50610b9c3, BUILD_ID: 63f82026-68bd-48e3-898b-1ddd752cabb3
2021-03-24 19:27:23,196 INFO     test_ai_mod.labeler.v1.crawls -- resolved to: /Users/bot/test_ai/apps/16a1441e-6ea2-4d27-9c49-87d50610b9c3/builds/63f82026-68bd-48e3-898b-1ddd752cabb3/crawls/20210324192658/screens/iter_00000_step_00000_screenshot.png
2021-03-24 19:27:35,446 INFO     test_ai_mod.carbon_explore.interactive -- Interactive explore -- status -- start
2021-03-24 19:27:35,446 INFO     test_ai_mod.carbon_explore.interactive -- Interactive explore -- status -- end
2021-03-24 19:27:50,445 INFO     test_ai_mod.carbon_explore.interactive -- Interactive explore -- status -- start
2021-03-24 19:27:50,445 INFO     test_ai_mod.carbon_explore.interactive -- Interactive explore -- status -- end
2021-03-24 19:28:05,447 INFO     test_ai_mod.carbon_explore.interactive -- Interactive explore -- status -- start
2021-03-24 19:28:05,447 INFO     test_ai_mod.carbon_explore.interactive -- Interactive explore -- status -- end
2021-03-24 19:28:10,918 INFO     test_ai_mod.carbon_dao.local_carbon_dao -- Getting build info: APP_ID: 16a1441e-6ea2-4d27-9c49-87d50610b9c3, BUILD_ID: 63f82026-68bd-48e3-898b-1ddd752cabb3
2021-03-24 19:28:10,919 INFO     test_ai_mod.labeler.v1.tests -- tests_info:{u'Basic Gestures - Individual Scripts': {'temp_id': '5c613ac0-8d09-11eb-9b8c-787b8ade0f4b', 'tags': [], 'title': u'Basic Gestures - Individual Scripts', 'steps': [], 'is_deactivated': False, 'description': u''}}
2021-03-24 19:28:20,447 INFO     test_ai_mod.carbon_explore.interactive -- Interactive explore -- status -- start
2021-03-24 19:28:20,447 INFO     test_ai_mod.carbon_explore.interactive -- Interactive explore -- status -- end
2021-03-24 19:28:20,746 INFO     test_ai_mod.carbon_dao.local_carbon_dao -- Getting build info: APP_ID: 16a1441e-6ea2-4d27-9c49-87d50610b9c3, BUILD_ID: 63f82026-68bd-48e3-898b-1ddd752cabb3
2021-03-24 19:28:20,746 INFO     test_ai_mod.labeler.v1.tests -- tests_info:{u'Basic Gestures - One Script': {'temp_id': '623f19f8-8d09-11eb-ab04-787b8ade0f4b', 'tags': [], 'title': u'Basic Gestures - One Script', 'steps': [], 'is_deactivated': False, 'description': u''}, u'Basic Gestures - Individual Scripts': {u'temp_id': u'5c613ac0-8d09-11eb-9b8c-787b8ade0f4b', u'title': u'Basic Gestures - Individual Scripts', u'tags': [], u'steps': [], u'is_deactivated': False, u'description': u''}}
2021-03-24 19:28:35,449 INFO     test_ai_mod.carbon_explore.interactive -- Interactive explore -- status -- start
2021-03-24 19:28:35,449 INFO     test_ai_mod.carbon_explore.interactive -- Interactive explore -- status -- end
2021-03-24 19:28:39,322 INFO     test_ai_mod.carbon_explore.interactive -- Interactive explore -- run_step -- start
2021-03-24 19:28:39,323 INFO     test_ai_mod.carbon_explore.interactive -- Interactive explore -- get labels for crawl 20210324192658
2021-03-24 19:28:39,323 INFO     test_ai_mod.carbon_dao.local_carbon_dao -- Getting build info: APP_ID: 16a1441e-6ea2-4d27-9c49-87d50610b9c3, BUILD_ID: 63f82026-68bd-48e3-898b-1ddd752cabb3
2021-03-24 19:28:39,327 INFO     test_ai_mod.carbon_explore.interactive -- Interactive explore -- get labeler objects for crawl 20210324192658
2021-03-24 19:28:39,328 INFO     test_ai_mod.carbon_explore.interactive -- Interactive explore -- Executing interactive step for crawl 20210324192658
2021-03-24 19:28:39,338 INFO     test_ai_mod.carbon_explore.explore_hook -- Explore hook -- perform_test_step starting.
2021-03-24 19:28:39,338 INFO     test_ai_mod.carbon_explore.explore_hook -- Explore hook -- _get_screen_info_hook starting.
2021-03-24 19:28:39,338 INFO     test_ai_mod.carbon_explore.explore_utils -- saving screenshot
2021-03-24 19:28:40,834 INFO     test_ai_mod.carbon_explore.explore_utils -- scn_shot_file_path: /Users/bot/test_ai/apps/16a1441e-6ea2-4d27-9c49-87d50610b9c3/builds/63f82026-68bd-48e3-898b-1ddd752cabb3/crawls/20210324192658/tmp/runtime_labeling_screen.png
2021-03-24 19:28:40,834 INFO     test_ai_mod.carbon_explore.explore_utils -- getting screen_elems
2021-03-24 19:28:40,984 INFO     test_ai_mod.carbon_utils.scrape_utils -- Successfully collected web scrape.
2021-03-24 19:28:40,985 INFO     test_ai_mod.carbon_explore.explore_utils -- filtering elems - 21
2021-03-24 19:28:41,019 INFO     test_ai_mod.carbon_explore.explore_utils -- saving info - 20
2021-03-24 19:28:41,019 INFO     test_ai_mod.carbon_explore.explore_utils -- saving core elems iter: 0, step 1, save_dir: /Users/bot/test_ai/apps/16a1441e-6ea2-4d27-9c49-87d50610b9c3/builds/63f82026-68bd-48e3-898b-1ddd752cabb3/crawls/20210324192658
2021-03-24 19:28:41,039 INFO     test_ai_mod.carbon_explore.explore_hook -- Explore hook -- _get_screen_info_hook completed.
2021-03-24 19:28:41,039 INFO     test_ai_mod.carbon_explore.explore_hook -- Explore hook -- _get_labels_for_screen starting on [].
2021-03-24 19:28:41,039 INFO     test_ai_mod.carbon_explore.explore_hook -- Explore hook -- Found labels: {'elem_labels': [], 'all_labels': [], 'screen_labels': []}
2021-03-24 19:28:41,040 INFO     test_ai_mod.carbon_explore.explore_hook -- Explore hook -- get_labels_for_screen completed.
2021-03-24 19:28:41,040 INFO     test_ai_mod.carbon_explore.explore_hook -- saving step
2021-03-24 19:28:41,040 INFO     test_ai_mod.carbon_explore.explore_utils -- saving core elems iter: 0, step 1, save_dir: /Users/bot/test_ai/apps/16a1441e-6ea2-4d27-9c49-87d50610b9c3/builds/63f82026-68bd-48e3-898b-1ddd752cabb3/crawls/20210324192658
2021-03-24 19:28:41,064 INFO     test_ai_mod.carbon_explore.result_storage -- LOG FILE PATH: /Users/bot/test_ai/apps/16a1441e-6ea2-4d27-9c49-87d50610b9c3/builds/63f82026-68bd-48e3-898b-1ddd752cabb3/crawls/20210324192658/iter_00000_step_00001_logs.txt
2021-03-24 19:28:41,064 INFO     test_ai_mod.carbon_explore.result_storage -- ALL LOGS FILE PATH: /Users/bot/test_ai/apps/16a1441e-6ea2-4d27-9c49-87d50610b9c3/builds/63f82026-68bd-48e3-898b-1ddd752cabb3/crawls/20210324192658/iter_00000_step_-0001_logs.txt
2021-03-24 19:28:41,073 INFO     test_ai_mod.carbon_explore.explore_hook -- step saved
2021-03-24 19:28:41,074 INFO     test_ai_mod.carbon_explore.explore_hook -- Explore hook -- _perform_element_action starting.
2021-03-24 19:28:41,074 INFO     test_ai_mod.carbon_explore.explore_hook -- Explore hook -- perform_element_action completed.
2021-03-24 19:28:41,074 INFO     test_ai_mod.carbon_explore.explore_hook -- Explore hook -- perform_test_step completed.
2021-03-24 19:28:41,074 INFO     test_ai_mod.carbon_explore.interactive -- Interactive explore -- Get labeler objects for crawl 20210324192658
2021-03-24 19:28:41,075 INFO     test_ai_mod.carbon_explore.interactive -- Interactive explore -- get_labeler_objects -- start
2021-03-24 19:28:41,075 INFO     test_ai_mod.carbon_explore.interactive -- Interactive explore -- Processing crawl interactively 20210324192658
2021-03-24 19:28:41,075 INFO     test_ai_mod.carbon_tasks.process_crawl_task -- processing crawl: 20210324192658 (app: 16a1441e-6ea2-4d27-9c49-87d50610b9c3, build: 63f82026-68bd-48e3-898b-1ddd752cabb3)
2021-03-24 19:28:41,075 INFO     test_ai_mod.carbon_tasks.process_crawl_task -- processing screens for crawl
2021-03-24 19:28:41,179 INFO     test_ai_mod.carbon_tasks.process_crawl_task -- writing unique screens file
2021-03-24 19:28:41,179 INFO     test_ai_mod.carbon_tasks.process_crawl_task -- writing screen hash map
2021-03-24 19:28:41,182 INFO     test_ai_mod.carbon_tasks.process_crawl_task -- writing screen similarity file
2021-03-24 19:28:41,183 INFO     test_ai_mod.carbon_tasks.process_crawl_task -- processing elements for crawl
2021-03-24 19:28:41,184 INFO     test_ai_mod.carbon_tasks.process_crawl_task -- processing: iter_00000_step_00001_info.json
2021-03-24 19:28:41,195 INFO     test_ai_mod.carbon_tasks.process_crawl_task -- skipping already processed: iter_00000_step_00000_info.json
2021-03-24 19:28:41,480 INFO     test_ai_mod.carbon_tasks.process_crawl_task -- Writing unique tags file.
2021-03-24 19:28:41,481 INFO     test_ai_mod.carbon_tasks.process_crawl_task -- writing unique elems file
2021-03-24 19:28:41,482 INFO     test_ai_mod.carbon_tasks.process_crawl_task -- writing elem hash map
2021-03-24 19:28:41,490 INFO     test_ai_mod.carbon_tasks.process_crawl_task -- writing elem similarity file
2021-03-24 19:28:41,493 INFO     test_ai_mod.carbon_tasks.process_crawl_task -- generating labeler objects file for crawl (v0)
2021-03-24 19:28:41,506 INFO     test_ai_mod.carbon_tasks.process_crawl_task -- reconciling screens labeled at runtime
2021-03-24 19:28:41,507 INFO     test_ai_mod.carbon_tasks.process_crawl_task -- reconciling elements labeled at runtime
2021-03-24 19:28:41,535 INFO     test_ai_mod.carbon_explore.interactive -- Interactive explore -- Generating labels using hash information 20210324192658
2021-03-24 19:28:41,538 INFO     test_ai_mod.carbon_explore.interactive -- Interactive explore -- get_labeler_objects -- end
2021-03-24 19:28:41,541 INFO     test_ai_mod.carbon_tasks.generate_auto_labels_task -- generating auto labels for crawl: 20210324192658, app_id: 16a1441e-6ea2-4d27-9c49-87d50610b9c3, build_id: 63f82026-68bd-48e3-898b-1ddd752cabb3
2021-03-24 19:28:41,543 INFO     test_ai_mod.carbon_dao.local_carbon_dao -- Getting build info: APP_ID: 16a1441e-6ea2-4d27-9c49-87d50610b9c3, BUILD_ID: 63f82026-68bd-48e3-898b-1ddd752cabb3
2021-03-24 19:28:41,545 INFO     test_ai_mod.carbon_dao.local_carbon_dao -- Getting build info: APP_ID: 16a1441e-6ea2-4d27-9c49-87d50610b9c3, BUILD_ID: 63f82026-68bd-48e3-898b-1ddd752cabb3
2021-03-24 19:28:41,690 INFO     test_ai_mod.carbon_tasks.generate_auto_labels_task -- writing merged, suggested labels to file: /Users/bot/test_ai/apps/16a1441e-6ea2-4d27-9c49-87d50610b9c3/builds/63f82026-68bd-48e3-898b-1ddd752cabb3/crawls/20210324192658/labels/suggested_labels.json
2021-03-24 19:28:41,693 INFO     test_ai_mod.carbon_tasks.generate_auto_labels_task -- writing applied hashes to labels to file: /Users/bot/test_ai/apps/16a1441e-6ea2-4d27-9c49-87d50610b9c3/lkg/hashes_to_labels.json
2021-03-24 19:28:41,696 INFO     test_ai_mod.carbon_tasks.generate_auto_labels_task -- writing applied human readable to labels to file: /Users/bot/test_ai/apps/16a1441e-6ea2-4d27-9c49-87d50610b9c3/lkg/human_readable_to_labels.json
2021-03-24 19:28:41,698 INFO     test_ai_mod.carbon_tasks.generate_auto_labels_task -- writing label to hash dicts to file: /Users/bot/test_ai/apps/16a1441e-6ea2-4d27-9c49-87d50610b9c3/lkg/label_to_hash_dicts.json
2021-03-24 19:28:41,699 INFO     test_ai_mod.carbon_tasks.generate_auto_labels_task -- writing human readable to paths to file: /Users/bot/test_ai/apps/16a1441e-6ea2-4d27-9c49-87d50610b9c3/lkg/human_readable_to_paths.json
2021-03-24 19:28:41,700 INFO     test_ai_mod.carbon_classifiers.label_classifier_pipe -- Begin loading configured modules
2021-03-24 19:28:41,701 INFO     test_ai_mod.carbon_classifiers.carbon_classifier_v1.screen_classifier -- Loading ScreenClassifier
2021-03-24 19:28:41,701 INFO     test_ai_mod.carbon_classifiers.template_matching.app_specific_template_matcher -- Loading AppSpecificTemplateMatcher
2021-03-24 19:28:41,701 INFO     test_ai_mod.carbon_classifiers.perceptual.nn_classifier -- Loading NNClassifier
2021-03-24 19:28:41,701 INFO     test_ai_mod.carbon_classifiers.template_matching.template_matching_classifier -- Loading TemplateMatchingClassifier
2021-03-24 19:28:41,702 WARNING  test_ai_mod.carbon_classifiers.template_matching.template_matching_classifier -- No template director exists at /Users/bot/test_ai/templates
2021-03-24 19:28:41,702 INFO     test_ai_mod.carbon_classifiers.http_classifier.http_classifier -- Loaded Http Classifier for ""
2021-03-24 19:28:41,702 INFO     test_ai_mod.carbon_tasks.generate_auto_labels_task -- classifying 1 unique screens
2021-03-24 19:28:41,702 INFO     test_ai_mod.carbon_utils.carbon_data -- loading models from LKG dir
2021-03-24 19:28:41,702 INFO     test_ai_mod.carbon_utils.carbon_data -- loading models from LKG dir
2021-03-24 19:28:41,711 INFO     test_ai_mod.carbon_classifiers.label_classifier_pipe -- Begin labeling elements
2021-03-24 19:28:41,733 INFO     test_ai_mod.carbon_classifiers.template_matching.app_specific_template_matcher -- Classifying screen with AppSpecificTemplateMatcher
2021-03-24 19:28:41,734 INFO     test_ai_mod.carbon_classifiers.perceptual.nn_classifier -- Classifying screen with NNClassifier
2021-03-24 19:28:41,790 INFO     test_ai_mod.carbon_classifiers.label_classifier_pipe -- End labeling elements: Time taken 0.0783479213715 seconds
2021-03-24 19:28:41,790 INFO     test_ai_mod.carbon_tasks.generate_auto_labels_task -- classifying 20 unique elems
2021-03-24 19:28:41,797 INFO     test_ai_mod.carbon_utils.carbon_data -- loading models from LKG dir
2021-03-24 19:28:41,800 INFO     test_ai_mod.carbon_utils.carbon_data -- loading models from LKG dir
2021-03-24 19:28:41,802 INFO     test_ai_mod.carbon_classifiers.label_classifier_pipe -- Begin labeling elements
2021-03-24 19:28:41,815 INFO     test_ai_mod.carbon_classifiers.template_matching.app_specific_template_matcher -- Classifying screen with AppSpecificTemplateMatcher
2021-03-24 19:28:41,815 INFO     test_ai_mod.carbon_classifiers.perceptual.nn_classifier -- Classifying screen with NNClassifier
2021-03-24 19:28:41,883 INFO     test_ai_mod.carbon_classifiers.label_classifier_pipe -- End labeling elements: Time taken 0.0812180042267 seconds
2021-03-24 19:28:41,885 INFO     test_ai_mod.carbon_tasks.generate_auto_labels_task -- writing merged, suggested labels to file: /Users/bot/test_ai/apps/16a1441e-6ea2-4d27-9c49-87d50610b9c3/builds/63f82026-68bd-48e3-898b-1ddd752cabb3/crawls/20210324192658/labels/suggested_labels.json
2021-03-24 19:28:41,887 INFO     test_ai_mod.carbon_explore.interactive -- Interactive explore -- get labels for crawl 20210324192658
2021-03-24 19:28:41,888 INFO     test_ai_mod.carbon_dao.local_carbon_dao -- Getting build info: APP_ID: 16a1441e-6ea2-4d27-9c49-87d50610b9c3, BUILD_ID: 63f82026-68bd-48e3-898b-1ddd752cabb3
2021-03-24 19:28:41,890 INFO     test_ai_mod.carbon_explore.interactive -- Interactive explore -- run_step -- end
2021-03-24 19:28:41,979 INFO     test_ai_mod.carbon_dao.local_carbon_dao -- Getting build info: APP_ID: 16a1441e-6ea2-4d27-9c49-87d50610b9c3, BUILD_ID: 63f82026-68bd-48e3-898b-1ddd752cabb3
2021-03-24 19:28:42,066 INFO     test_ai_mod.labeler.v1.crawls -- elem image requested, crawl: 20210324192658, filename: iter_00000_step_00001_19_input.png
2021-03-24 19:28:42,068 INFO     test_ai_mod.labeler.v1.crawls -- elem image requested, crawl: 20210324192658, filename: iter_00000_step_00001_1_img.png
2021-03-24 19:28:42,071 INFO     test_ai_mod.labeler.v1.crawls -- elem image requested, crawl: 20210324192658, filename: iter_00000_step_00001_7_h3.png
2021-03-24 19:28:42,073 INFO     test_ai_mod.labeler.v1.crawls -- elem image requested, crawl: 20210324192658, filename: iter_00000_step_00001_11_img.png
2021-03-24 19:28:42,074 INFO     test_ai_mod.labeler.v1.crawls -- elem image requested, crawl: 20210324192658, filename: iter_00000_step_00001_6_h3.png
2021-03-24 19:28:42,076 INFO     test_ai_mod.labeler.v1.crawls -- elem image requested, crawl: 20210324192658, filename: iter_00000_step_00001_9_button.png
2021-03-24 19:28:42,080 INFO     test_ai_mod.carbon_dao.local_carbon_dao -- Getting build info: APP_ID: 16a1441e-6ea2-4d27-9c49-87d50610b9c3, BUILD_ID: 63f82026-68bd-48e3-898b-1ddd752cabb3
2021-03-24 19:28:42,081 INFO     test_ai_mod.carbon_dao.local_carbon_dao -- Getting build info: APP_ID: 16a1441e-6ea2-4d27-9c49-87d50610b9c3, BUILD_ID: 63f82026-68bd-48e3-898b-1ddd752cabb3
2021-03-24 19:28:42,081 INFO     test_ai_mod.carbon_dao.local_carbon_dao -- Getting build info: APP_ID: 16a1441e-6ea2-4d27-9c49-87d50610b9c3, BUILD_ID: 63f82026-68bd-48e3-898b-1ddd752cabb3
2021-03-24 19:28:42,082 INFO     test_ai_mod.carbon_dao.local_carbon_dao -- Getting build info: APP_ID: 16a1441e-6ea2-4d27-9c49-87d50610b9c3, BUILD_ID: 63f82026-68bd-48e3-898b-1ddd752cabb3
2021-03-24 19:28:42,083 INFO     test_ai_mod.labeler.v1.crawls -- resolved to: /Users/bot/test_ai/apps/16a1441e-6ea2-4d27-9c49-87d50610b9c3/builds/63f82026-68bd-48e3-898b-1ddd752cabb3/crawls/20210324192658/elems/iter_00000_step_00001_7_h3.png
2021-03-24 19:28:42,084 INFO     test_ai_mod.labeler.v1.crawls -- resolved to: /Users/bot/test_ai/apps/16a1441e-6ea2-4d27-9c49-87d50610b9c3/builds/63f82026-68bd-48e3-898b-1ddd752cabb3/crawls/20210324192658/elems/iter_00000_step_00001_1_img.png
2021-03-24 19:28:42,085 INFO     test_ai_mod.carbon_dao.local_carbon_dao -- Getting build info: APP_ID: 16a1441e-6ea2-4d27-9c49-87d50610b9c3, BUILD_ID: 63f82026-68bd-48e3-898b-1ddd752cabb3
2021-03-24 19:28:42,086 INFO     test_ai_mod.labeler.v1.crawls -- resolved to: /Users/bot/test_ai/apps/16a1441e-6ea2-4d27-9c49-87d50610b9c3/builds/63f82026-68bd-48e3-898b-1ddd752cabb3/crawls/20210324192658/elems/iter_00000_step_00001_19_input.png
2021-03-24 19:28:42,086 INFO     test_ai_mod.carbon_dao.local_carbon_dao -- Getting build info: APP_ID: 16a1441e-6ea2-4d27-9c49-87d50610b9c3, BUILD_ID: 63f82026-68bd-48e3-898b-1ddd752cabb3
2021-03-24 19:28:42,088 INFO     test_ai_mod.labeler.v1.crawls -- resolved to: /Users/bot/test_ai/apps/16a1441e-6ea2-4d27-9c49-87d50610b9c3/builds/63f82026-68bd-48e3-898b-1ddd752cabb3/crawls/20210324192658/elems/iter_00000_step_00001_6_h3.png
2021-03-24 19:28:42,092 INFO     test_ai_mod.labeler.v1.crawls -- resolved to: /Users/bot/test_ai/apps/16a1441e-6ea2-4d27-9c49-87d50610b9c3/builds/63f82026-68bd-48e3-898b-1ddd752cabb3/crawls/20210324192658/elems/iter_00000_step_00001_11_img.png
2021-03-24 19:28:42,097 INFO     test_ai_mod.labeler.v1.crawls -- resolved to: /Users/bot/test_ai/apps/16a1441e-6ea2-4d27-9c49-87d50610b9c3/builds/63f82026-68bd-48e3-898b-1ddd752cabb3/crawls/20210324192658/elems/iter_00000_step_00001_9_button.png
2021-03-24 19:28:42,106 INFO     test_ai_mod.labeler.v1.crawls -- elem image requested, crawl: 20210324192658, filename: iter_00000_step_00001_0_h1.png
2021-03-24 19:28:42,111 INFO     test_ai_mod.labeler.v1.crawls -- elem image requested, crawl: 20210324192658, filename: iter_00000_step_00001_8_img.png
2021-03-24 19:28:42,114 INFO     test_ai_mod.labeler.v1.crawls -- elem image requested, crawl: 20210324192658, filename: iter_00000_step_00001_17_h1.png
2021-03-24 19:28:42,117 INFO     test_ai_mod.labeler.v1.crawls -- elem image requested, crawl: 20210324192658, filename: iter_00000_step_00001_12_h3.png
2021-03-24 19:28:42,119 INFO     test_ai_mod.carbon_dao.local_carbon_dao -- Getting build info: APP_ID: 16a1441e-6ea2-4d27-9c49-87d50610b9c3, BUILD_ID: 63f82026-68bd-48e3-898b-1ddd752cabb3
2021-03-24 19:28:42,120 INFO     test_ai_mod.carbon_dao.local_carbon_dao -- Getting build info: APP_ID: 16a1441e-6ea2-4d27-9c49-87d50610b9c3, BUILD_ID: 63f82026-68bd-48e3-898b-1ddd752cabb3
2021-03-24 19:28:42,121 INFO     test_ai_mod.labeler.v1.crawls -- resolved to: /Users/bot/test_ai/apps/16a1441e-6ea2-4d27-9c49-87d50610b9c3/builds/63f82026-68bd-48e3-898b-1ddd752cabb3/crawls/20210324192658/elems/iter_00000_step_00001_0_h1.png
2021-03-24 19:28:42,122 INFO     test_ai_mod.labeler.v1.crawls -- resolved to: /Users/bot/test_ai/apps/16a1441e-6ea2-4d27-9c49-87d50610b9c3/builds/63f82026-68bd-48e3-898b-1ddd752cabb3/crawls/20210324192658/elems/iter_00000_step_00001_8_img.png
2021-03-24 19:28:42,123 INFO     test_ai_mod.carbon_dao.local_carbon_dao -- Getting build info: APP_ID: 16a1441e-6ea2-4d27-9c49-87d50610b9c3, BUILD_ID: 63f82026-68bd-48e3-898b-1ddd752cabb3
2021-03-24 19:28:42,123 INFO     test_ai_mod.carbon_dao.local_carbon_dao -- Getting build info: APP_ID: 16a1441e-6ea2-4d27-9c49-87d50610b9c3, BUILD_ID: 63f82026-68bd-48e3-898b-1ddd752cabb3
2021-03-24 19:28:42,132 INFO     test_ai_mod.labeler.v1.crawls -- resolved to: /Users/bot/test_ai/apps/16a1441e-6ea2-4d27-9c49-87d50610b9c3/builds/63f82026-68bd-48e3-898b-1ddd752cabb3/crawls/20210324192658/elems/iter_00000_step_00001_17_h1.png
2021-03-24 19:28:42,133 INFO     test_ai_mod.labeler.v1.crawls -- resolved to: /Users/bot/test_ai/apps/16a1441e-6ea2-4d27-9c49-87d50610b9c3/builds/63f82026-68bd-48e3-898b-1ddd752cabb3/crawls/20210324192658/elems/iter_00000_step_00001_12_h3.png
2021-03-24 19:28:50,446 INFO     test_ai_mod.carbon_explore.interactive -- Interactive explore -- status -- start
2021-03-24 19:28:50,447 INFO     test_ai_mod.carbon_explore.interactive -- Interactive explore -- status -- end
2021-03-24 19:29:05,449 INFO     test_ai_mod.carbon_explore.interactive -- Interactive explore -- status -- start
2021-03-24 19:29:05,449 INFO     test_ai_mod.carbon_explore.interactive -- Interactive explore -- status -- end
2021-03-24 19:29:17,902 INFO     test_ai_mod.carbon_explore.interactive -- Interactive explore -- run_step -- start
2021-03-24 19:29:17,903 INFO     test_ai_mod.carbon_explore.interactive -- Interactive explore -- get labels for crawl 20210324192658
2021-03-24 19:29:17,904 INFO     test_ai_mod.carbon_dao.local_carbon_dao -- Getting build info: APP_ID: 16a1441e-6ea2-4d27-9c49-87d50610b9c3, BUILD_ID: 63f82026-68bd-48e3-898b-1ddd752cabb3
2021-03-24 19:29:17,906 INFO     test_ai_mod.carbon_explore.interactive -- Interactive explore -- get labeler objects for crawl 20210324192658
2021-03-24 19:29:17,907 INFO     test_ai_mod.carbon_explore.interactive -- Interactive explore -- Executing interactive step for crawl 20210324192658
2021-03-24 19:29:17,908 INFO     test_ai_mod.carbon_explore.explore_hook -- Explore hook -- perform_test_step starting.
2021-03-24 19:29:17,908 INFO     test_ai_mod.carbon_explore.explore_hook -- Explore hook -- _get_screen_info_hook starting.
2021-03-24 19:29:17,908 INFO     test_ai_mod.carbon_explore.explore_utils -- saving screenshot
2021-03-24 19:29:19,480 INFO     test_ai_mod.carbon_explore.explore_utils -- scn_shot_file_path: /Users/bot/test_ai/apps/16a1441e-6ea2-4d27-9c49-87d50610b9c3/builds/63f82026-68bd-48e3-898b-1ddd752cabb3/crawls/20210324192658/tmp/runtime_labeling_screen.png
2021-03-24 19:29:19,480 INFO     test_ai_mod.carbon_explore.explore_utils -- getting screen_elems
2021-03-24 19:29:19,613 INFO     test_ai_mod.carbon_utils.scrape_utils -- Successfully collected web scrape.
2021-03-24 19:29:19,618 INFO     test_ai_mod.carbon_explore.explore_utils -- filtering elems - 29
2021-03-24 19:29:19,652 INFO     test_ai_mod.carbon_explore.explore_utils -- saving info - 28
2021-03-24 19:29:19,652 INFO     test_ai_mod.carbon_explore.explore_utils -- saving core elems iter: 0, step 2, save_dir: /Users/bot/test_ai/apps/16a1441e-6ea2-4d27-9c49-87d50610b9c3/builds/63f82026-68bd-48e3-898b-1ddd752cabb3/crawls/20210324192658
2021-03-24 19:29:19,672 INFO     test_ai_mod.carbon_explore.explore_hook -- Explore hook -- _get_screen_info_hook completed.
2021-03-24 19:29:19,672 INFO     test_ai_mod.carbon_explore.explore_hook -- Explore hook -- _get_labels_for_screen starting on [].
2021-03-24 19:29:19,673 INFO     test_ai_mod.carbon_explore.explore_hook -- Explore hook -- Found labels: {'elem_labels': [], 'all_labels': [], 'screen_labels': []}
2021-03-24 19:29:19,673 INFO     test_ai_mod.carbon_explore.explore_hook -- Explore hook -- get_labels_for_screen completed.
2021-03-24 19:29:19,674 INFO     test_ai_mod.carbon_explore.explore_hook -- saving step
2021-03-24 19:29:19,674 INFO     test_ai_mod.carbon_explore.explore_utils -- saving core elems iter: 0, step 2, save_dir: /Users/bot/test_ai/apps/16a1441e-6ea2-4d27-9c49-87d50610b9c3/builds/63f82026-68bd-48e3-898b-1ddd752cabb3/crawls/20210324192658
2021-03-24 19:29:19,703 INFO     test_ai_mod.carbon_explore.result_storage -- LOG FILE PATH: /Users/bot/test_ai/apps/16a1441e-6ea2-4d27-9c49-87d50610b9c3/builds/63f82026-68bd-48e3-898b-1ddd752cabb3/crawls/20210324192658/iter_00000_step_00002_logs.txt
2021-03-24 19:29:19,704 INFO     test_ai_mod.carbon_explore.result_storage -- ALL LOGS FILE PATH: /Users/bot/test_ai/apps/16a1441e-6ea2-4d27-9c49-87d50610b9c3/builds/63f82026-68bd-48e3-898b-1ddd752cabb3/crawls/20210324192658/iter_00000_step_-0001_logs.txt
2021-03-24 19:29:19,712 INFO     test_ai_mod.carbon_explore.explore_hook -- step saved
2021-03-24 19:29:19,712 INFO     test_ai_mod.carbon_explore.explore_hook -- Explore hook -- _perform_element_action starting.
2021-03-24 19:29:19,712 INFO     test_ai_mod.carbon_explore.explore_hook -- Explore hook -- perform_element_action completed.
2021-03-24 19:29:19,712 INFO     test_ai_mod.carbon_explore.explore_hook -- Explore hook -- perform_test_step completed.
2021-03-24 19:29:19,712 INFO     test_ai_mod.carbon_explore.interactive -- Interactive explore -- Get labeler objects for crawl 20210324192658
2021-03-24 19:29:19,713 INFO     test_ai_mod.carbon_explore.interactive -- Interactive explore -- get_labeler_objects -- start
2021-03-24 19:29:19,713 INFO     test_ai_mod.carbon_explore.interactive -- Interactive explore -- Processing crawl interactively 20210324192658
2021-03-24 19:29:19,713 INFO     test_ai_mod.carbon_tasks.process_crawl_task -- processing crawl: 20210324192658 (app: 16a1441e-6ea2-4d27-9c49-87d50610b9c3, build: 63f82026-68bd-48e3-898b-1ddd752cabb3)
2021-03-24 19:29:19,713 INFO     test_ai_mod.carbon_tasks.process_crawl_task -- processing screens for crawl
2021-03-24 19:29:19,816 INFO     test_ai_mod.carbon_tasks.process_crawl_task -- writing unique screens file
2021-03-24 19:29:19,817 INFO     test_ai_mod.carbon_tasks.process_crawl_task -- writing screen hash map
2021-03-24 19:29:19,821 INFO     test_ai_mod.carbon_tasks.process_crawl_task -- writing screen similarity file
2021-03-24 19:29:19,821 INFO     test_ai_mod.carbon_tasks.process_crawl_task -- processing elements for crawl
2021-03-24 19:29:19,823 INFO     test_ai_mod.carbon_tasks.process_crawl_task -- processing: iter_00000_step_00002_info.json
2021-03-24 19:29:19,839 INFO     test_ai_mod.carbon_tasks.process_crawl_task -- skipping already processed: iter_00000_step_00001_info.json
2021-03-24 19:29:19,840 INFO     test_ai_mod.carbon_tasks.process_crawl_task -- skipping already processed: iter_00000_step_00000_info.json
2021-03-24 19:29:20,086 INFO     test_ai_mod.carbon_tasks.process_crawl_task -- Writing unique tags file.
2021-03-24 19:29:20,087 INFO     test_ai_mod.carbon_tasks.process_crawl_task -- writing unique elems file
2021-03-24 19:29:20,088 INFO     test_ai_mod.carbon_tasks.process_crawl_task -- writing elem hash map
2021-03-24 19:29:20,107 INFO     test_ai_mod.carbon_tasks.process_crawl_task -- writing elem similarity file
2021-03-24 19:29:20,110 INFO     test_ai_mod.carbon_tasks.process_crawl_task -- generating labeler objects file for crawl (v0)
2021-03-24 19:29:20,137 INFO     test_ai_mod.carbon_tasks.process_crawl_task -- reconciling screens labeled at runtime
2021-03-24 19:29:20,138 INFO     test_ai_mod.carbon_tasks.process_crawl_task -- reconciling elements labeled at runtime
2021-03-24 19:29:20,149 INFO     test_ai_mod.carbon_explore.interactive -- Interactive explore -- Generating labels using hash information 20210324192658
2021-03-24 19:29:20,154 INFO     test_ai_mod.carbon_explore.interactive -- Interactive explore -- get_labeler_objects -- end
2021-03-24 19:29:20,156 INFO     test_ai_mod.carbon_tasks.generate_auto_labels_task -- generating auto labels for crawl: 20210324192658, app_id: 16a1441e-6ea2-4d27-9c49-87d50610b9c3, build_id: 63f82026-68bd-48e3-898b-1ddd752cabb3
2021-03-24 19:29:20,157 INFO     test_ai_mod.carbon_dao.local_carbon_dao -- Getting build info: APP_ID: 16a1441e-6ea2-4d27-9c49-87d50610b9c3, BUILD_ID: 63f82026-68bd-48e3-898b-1ddd752cabb3
2021-03-24 19:29:20,158 INFO     test_ai_mod.carbon_dao.local_carbon_dao -- Getting build info: APP_ID: 16a1441e-6ea2-4d27-9c49-87d50610b9c3, BUILD_ID: 63f82026-68bd-48e3-898b-1ddd752cabb3
2021-03-24 19:29:20,176 INFO     test_ai_mod.carbon_tasks.generate_auto_labels_task -- writing merged, suggested labels to file: /Users/bot/test_ai/apps/16a1441e-6ea2-4d27-9c49-87d50610b9c3/builds/63f82026-68bd-48e3-898b-1ddd752cabb3/crawls/20210324192658/labels/suggested_labels.json
2021-03-24 19:29:20,179 INFO     test_ai_mod.carbon_tasks.generate_auto_labels_task -- writing applied hashes to labels to file: /Users/bot/test_ai/apps/16a1441e-6ea2-4d27-9c49-87d50610b9c3/lkg/hashes_to_labels.json
2021-03-24 19:29:20,179 INFO     test_ai_mod.carbon_tasks.generate_auto_labels_task -- writing applied human readable to labels to file: /Users/bot/test_ai/apps/16a1441e-6ea2-4d27-9c49-87d50610b9c3/lkg/human_readable_to_labels.json
2021-03-24 19:29:20,180 INFO     test_ai_mod.carbon_tasks.generate_auto_labels_task -- writing label to hash dicts to file: /Users/bot/test_ai/apps/16a1441e-6ea2-4d27-9c49-87d50610b9c3/lkg/label_to_hash_dicts.json
2021-03-24 19:29:20,180 INFO     test_ai_mod.carbon_tasks.generate_auto_labels_task -- writing human readable to paths to file: /Users/bot/test_ai/apps/16a1441e-6ea2-4d27-9c49-87d50610b9c3/lkg/human_readable_to_paths.json
2021-03-24 19:29:20,181 INFO     test_ai_mod.carbon_classifiers.label_classifier_pipe -- Begin loading configured modules
2021-03-24 19:29:20,181 INFO     test_ai_mod.carbon_classifiers.carbon_classifier_v1.screen_classifier -- Loading ScreenClassifier
2021-03-24 19:29:20,181 INFO     test_ai_mod.carbon_classifiers.template_matching.app_specific_template_matcher -- Loading AppSpecificTemplateMatcher
2021-03-24 19:29:20,181 INFO     test_ai_mod.carbon_classifiers.perceptual.nn_classifier -- Loading NNClassifier
2021-03-24 19:29:20,181 INFO     test_ai_mod.carbon_classifiers.template_matching.template_matching_classifier -- Loading TemplateMatchingClassifier
2021-03-24 19:29:20,182 WARNING  test_ai_mod.carbon_classifiers.template_matching.template_matching_classifier -- No template director exists at /Users/bot/test_ai/templates
2021-03-24 19:29:20,182 INFO     test_ai_mod.carbon_classifiers.http_classifier.http_classifier -- Loaded Http Classifier for ""
2021-03-24 19:29:20,182 INFO     test_ai_mod.carbon_tasks.generate_auto_labels_task -- classifying 2 unique screens
2021-03-24 19:29:20,182 INFO     test_ai_mod.carbon_utils.carbon_data -- loading models from LKG dir
2021-03-24 19:29:20,183 INFO     test_ai_mod.carbon_utils.carbon_data -- loading models from LKG dir
2021-03-24 19:29:20,184 INFO     test_ai_mod.carbon_classifiers.label_classifier_pipe -- Begin labeling elements
2021-03-24 19:29:20,205 INFO     test_ai_mod.carbon_classifiers.template_matching.app_specific_template_matcher -- Classifying screen with AppSpecificTemplateMatcher
2021-03-24 19:29:20,205 INFO     test_ai_mod.carbon_classifiers.perceptual.nn_classifier -- Classifying screen with NNClassifier
2021-03-24 19:29:20,253 INFO     test_ai_mod.carbon_classifiers.label_classifier_pipe -- End labeling elements: Time taken 0.0687861442566 seconds
2021-03-24 19:29:20,254 INFO     test_ai_mod.carbon_tasks.generate_auto_labels_task -- classifying 28 unique elems
2021-03-24 19:29:20,258 INFO     test_ai_mod.carbon_utils.carbon_data -- loading models from LKG dir
2021-03-24 19:29:20,258 INFO     test_ai_mod.carbon_utils.carbon_data -- loading models from LKG dir
2021-03-24 19:29:20,258 INFO     test_ai_mod.carbon_classifiers.label_classifier_pipe -- Begin labeling elements
2021-03-24 19:29:20,279 INFO     test_ai_mod.carbon_classifiers.template_matching.app_specific_template_matcher -- Classifying screen with AppSpecificTemplateMatcher
2021-03-24 19:29:20,279 INFO     test_ai_mod.carbon_classifiers.perceptual.nn_classifier -- Classifying screen with NNClassifier
2021-03-24 19:29:20,351 INFO     test_ai_mod.carbon_classifiers.label_classifier_pipe -- End labeling elements: Time taken 0.0923910140991 seconds
2021-03-24 19:29:20,352 INFO     test_ai_mod.carbon_tasks.generate_auto_labels_task -- writing merged, suggested labels to file: /Users/bot/test_ai/apps/16a1441e-6ea2-4d27-9c49-87d50610b9c3/builds/63f82026-68bd-48e3-898b-1ddd752cabb3/crawls/20210324192658/labels/suggested_labels.json
2021-03-24 19:29:20,353 INFO     test_ai_mod.carbon_explore.interactive -- Interactive explore -- get labels for crawl 20210324192658
2021-03-24 19:29:20,354 INFO     test_ai_mod.carbon_dao.local_carbon_dao -- Getting build info: APP_ID: 16a1441e-6ea2-4d27-9c49-87d50610b9c3, BUILD_ID: 63f82026-68bd-48e3-898b-1ddd752cabb3
2021-03-24 19:29:20,355 INFO     test_ai_mod.carbon_explore.interactive -- Interactive explore -- run_step -- end
2021-03-24 19:29:20,437 INFO     test_ai_mod.carbon_dao.local_carbon_dao -- Getting build info: APP_ID: 16a1441e-6ea2-4d27-9c49-87d50610b9c3, BUILD_ID: 63f82026-68bd-48e3-898b-1ddd752cabb3
2021-03-24 19:29:20,558 INFO     test_ai_mod.labeler.v1.crawls -- elem image requested, crawl: 20210324192658, filename: iter_00000_step_00002_12_h3.png
2021-03-24 19:29:20,561 INFO     test_ai_mod.carbon_dao.local_carbon_dao -- Getting build info: APP_ID: 16a1441e-6ea2-4d27-9c49-87d50610b9c3, BUILD_ID: 63f82026-68bd-48e3-898b-1ddd752cabb3
2021-03-24 19:29:20,561 INFO     test_ai_mod.labeler.v1.crawls -- resolved to: /Users/bot/test_ai/apps/16a1441e-6ea2-4d27-9c49-87d50610b9c3/builds/63f82026-68bd-48e3-898b-1ddd752cabb3/crawls/20210324192658/elems/iter_00000_step_00002_12_h3.png
2021-03-24 19:29:20,591 INFO     test_ai_mod.labeler.v1.crawls -- elem image requested, crawl: 20210324192658, filename: iter_00000_step_00002_5_h3.png
2021-03-24 19:29:20,593 INFO     test_ai_mod.carbon_dao.local_carbon_dao -- Getting build info: APP_ID: 16a1441e-6ea2-4d27-9c49-87d50610b9c3, BUILD_ID: 63f82026-68bd-48e3-898b-1ddd752cabb3
2021-03-24 19:29:20,595 INFO     test_ai_mod.labeler.v1.crawls -- resolved to: /Users/bot/test_ai/apps/16a1441e-6ea2-4d27-9c49-87d50610b9c3/builds/63f82026-68bd-48e3-898b-1ddd752cabb3/crawls/20210324192658/elems/iter_00000_step_00002_5_h3.png
2021-03-24 19:29:20,608 INFO     test_ai_mod.labeler.v1.crawls -- elem image requested, crawl: 20210324192658, filename: iter_00000_step_00002_27_img.png
2021-03-24 19:29:20,609 INFO     test_ai_mod.carbon_dao.local_carbon_dao -- Getting build info: APP_ID: 16a1441e-6ea2-4d27-9c49-87d50610b9c3, BUILD_ID: 63f82026-68bd-48e3-898b-1ddd752cabb3
2021-03-24 19:29:20,610 INFO     test_ai_mod.labeler.v1.crawls -- resolved to: /Users/bot/test_ai/apps/16a1441e-6ea2-4d27-9c49-87d50610b9c3/builds/63f82026-68bd-48e3-898b-1ddd752cabb3/crawls/20210324192658/elems/iter_00000_step_00002_27_img.png
2021-03-24 19:29:20,618 INFO     test_ai_mod.labeler.v1.crawls -- elem image requested, crawl: 20210324192658, filename: iter_00000_step_00002_13_button.png
2021-03-24 19:29:20,619 INFO     test_ai_mod.carbon_dao.local_carbon_dao -- Getting build info: APP_ID: 16a1441e-6ea2-4d27-9c49-87d50610b9c3, BUILD_ID: 63f82026-68bd-48e3-898b-1ddd752cabb3
2021-03-24 19:29:20,620 INFO     test_ai_mod.labeler.v1.crawls -- resolved to: /Users/bot/test_ai/apps/16a1441e-6ea2-4d27-9c49-87d50610b9c3/builds/63f82026-68bd-48e3-898b-1ddd752cabb3/crawls/20210324192658/elems/iter_00000_step_00002_13_button.png
2021-03-24 19:29:20,631 INFO     test_ai_mod.labeler.v1.crawls -- elem image requested, crawl: 20210324192658, filename: iter_00000_step_00002_1_img.png
2021-03-24 19:29:20,643 INFO     test_ai_mod.carbon_dao.local_carbon_dao -- Getting build info: APP_ID: 16a1441e-6ea2-4d27-9c49-87d50610b9c3, BUILD_ID: 63f82026-68bd-48e3-898b-1ddd752cabb3
2021-03-24 19:29:20,646 INFO     test_ai_mod.labeler.v1.crawls -- resolved to: /Users/bot/test_ai/apps/16a1441e-6ea2-4d27-9c49-87d50610b9c3/builds/63f82026-68bd-48e3-898b-1ddd752cabb3/crawls/20210324192658/elems/iter_00000_step_00002_1_img.png
2021-03-24 19:29:20,648 INFO     test_ai_mod.labeler.v1.crawls -- elem image requested, crawl: 20210324192658, filename: iter_00000_step_00002_0_h1.png
2021-03-24 19:29:20,652 INFO     test_ai_mod.labeler.v1.crawls -- elem image requested, crawl: 20210324192658, filename: iter_00000_step_00002_20_h1.png
2021-03-24 19:29:20,653 INFO     test_ai_mod.labeler.v1.crawls -- elem image requested, crawl: 20210324192658, filename: iter_00000_step_00002_15_input.png
2021-03-24 19:29:20,654 INFO     test_ai_mod.carbon_explore.interactive -- Interactive explore -- status -- start
2021-03-24 19:29:20,655 INFO     test_ai_mod.labeler.v1.crawls -- elem image requested, crawl: 20210324192658, filename: iter_00000_step_00002_11_h3.png
2021-03-24 19:29:20,673 INFO     test_ai_mod.carbon_dao.local_carbon_dao -- Getting build info: APP_ID: 16a1441e-6ea2-4d27-9c49-87d50610b9c3, BUILD_ID: 63f82026-68bd-48e3-898b-1ddd752cabb3
2021-03-24 19:29:20,660 INFO     test_ai_mod.carbon_dao.local_carbon_dao -- Getting build info: APP_ID: 16a1441e-6ea2-4d27-9c49-87d50610b9c3, BUILD_ID: 63f82026-68bd-48e3-898b-1ddd752cabb3
2021-03-24 19:29:20,677 INFO     test_ai_mod.labeler.v1.crawls -- resolved to: /Users/bot/test_ai/apps/16a1441e-6ea2-4d27-9c49-87d50610b9c3/builds/63f82026-68bd-48e3-898b-1ddd752cabb3/crawls/20210324192658/elems/iter_00000_step_00002_0_h1.png
2021-03-24 19:29:20,669 INFO     test_ai_mod.carbon_dao.local_carbon_dao -- Getting build info: APP_ID: 16a1441e-6ea2-4d27-9c49-87d50610b9c3, BUILD_ID: 63f82026-68bd-48e3-898b-1ddd752cabb3
2021-03-24 19:29:20,682 INFO     test_ai_mod.labeler.v1.crawls -- resolved to: /Users/bot/test_ai/apps/16a1441e-6ea2-4d27-9c49-87d50610b9c3/builds/63f82026-68bd-48e3-898b-1ddd752cabb3/crawls/20210324192658/elems/iter_00000_step_00002_15_input.png
2021-03-24 19:29:20,662 INFO     test_ai_mod.carbon_dao.local_carbon_dao -- Getting build info: APP_ID: 16a1441e-6ea2-4d27-9c49-87d50610b9c3, BUILD_ID: 63f82026-68bd-48e3-898b-1ddd752cabb3
2021-03-24 19:29:20,690 INFO     test_ai_mod.labeler.v1.crawls -- resolved to: /Users/bot/test_ai/apps/16a1441e-6ea2-4d27-9c49-87d50610b9c3/builds/63f82026-68bd-48e3-898b-1ddd752cabb3/crawls/20210324192658/elems/iter_00000_step_00002_20_h1.png
2021-03-24 19:29:20,675 INFO     test_ai_mod.labeler.v1.crawls -- resolved to: /Users/bot/test_ai/apps/16a1441e-6ea2-4d27-9c49-87d50610b9c3/builds/63f82026-68bd-48e3-898b-1ddd752cabb3/crawls/20210324192658/elems/iter_00000_step_00002_11_h3.png
2021-03-24 19:29:20,687 INFO     test_ai_mod.labeler.v1.crawls -- elem image requested, crawl: 20210324192658, filename: iter_00000_step_00002_14_img.png
2021-03-24 19:29:20,670 INFO     test_ai_mod.carbon_explore.interactive -- Interactive explore -- status -- end
2021-03-24 19:29:20,699 INFO     test_ai_mod.labeler.v1.crawls -- elem image requested, crawl: 20210324192658, filename: iter_00000_step_00002_7_a.png
2021-03-24 19:29:20,707 INFO     test_ai_mod.labeler.v1.crawls -- elem image requested, crawl: 20210324192658, filename: iter_00000_step_00002_9_a.png
2021-03-24 19:29:20,709 INFO     test_ai_mod.labeler.v1.crawls -- elem image requested, crawl: 20210324192658, filename: iter_00000_step_00002_21_a.png
2021-03-24 19:29:20,721 INFO     test_ai_mod.carbon_dao.local_carbon_dao -- Getting build info: APP_ID: 16a1441e-6ea2-4d27-9c49-87d50610b9c3, BUILD_ID: 63f82026-68bd-48e3-898b-1ddd752cabb3
2021-03-24 19:29:20,723 INFO     test_ai_mod.carbon_dao.local_carbon_dao -- Getting build info: APP_ID: 16a1441e-6ea2-4d27-9c49-87d50610b9c3, BUILD_ID: 63f82026-68bd-48e3-898b-1ddd752cabb3
2021-03-24 19:29:20,724 INFO     test_ai_mod.carbon_dao.local_carbon_dao -- Getting build info: APP_ID: 16a1441e-6ea2-4d27-9c49-87d50610b9c3, BUILD_ID: 63f82026-68bd-48e3-898b-1ddd752cabb3
2021-03-24 19:29:20,728 INFO     test_ai_mod.labeler.v1.crawls -- resolved to: /Users/bot/test_ai/apps/16a1441e-6ea2-4d27-9c49-87d50610b9c3/builds/63f82026-68bd-48e3-898b-1ddd752cabb3/crawls/20210324192658/elems/iter_00000_step_00002_14_img.png
2021-03-24 19:29:20,725 INFO     test_ai_mod.labeler.v1.crawls -- resolved to: /Users/bot/test_ai/apps/16a1441e-6ea2-4d27-9c49-87d50610b9c3/builds/63f82026-68bd-48e3-898b-1ddd752cabb3/crawls/20210324192658/elems/iter_00000_step_00002_7_a.png
2021-03-24 19:29:20,725 INFO     test_ai_mod.carbon_dao.local_carbon_dao -- Getting build info: APP_ID: 16a1441e-6ea2-4d27-9c49-87d50610b9c3, BUILD_ID: 63f82026-68bd-48e3-898b-1ddd752cabb3
2021-03-24 19:29:20,726 INFO     test_ai_mod.labeler.v1.crawls -- resolved to: /Users/bot/test_ai/apps/16a1441e-6ea2-4d27-9c49-87d50610b9c3/builds/63f82026-68bd-48e3-898b-1ddd752cabb3/crawls/20210324192658/elems/iter_00000_step_00002_9_a.png
2021-03-24 19:29:20,732 INFO     test_ai_mod.labeler.v1.crawls -- resolved to: /Users/bot/test_ai/apps/16a1441e-6ea2-4d27-9c49-87d50610b9c3/builds/63f82026-68bd-48e3-898b-1ddd752cabb3/crawls/20210324192658/elems/iter_00000_step_00002_21_a.png
2021-03-24 19:29:28,334 INFO     test_ai_mod.labeler.v1.crawls -- elem image requested, crawl: 20210324192658, filename: iter_00000_step_00002_screenshot.png
2021-03-24 19:29:28,335 INFO     test_ai_mod.carbon_dao.local_carbon_dao -- Getting build info: APP_ID: 16a1441e-6ea2-4d27-9c49-87d50610b9c3, BUILD_ID: 63f82026-68bd-48e3-898b-1ddd752cabb3
2021-03-24 19:29:28,336 INFO     test_ai_mod.labeler.v1.crawls -- resolved to: /Users/bot/test_ai/apps/16a1441e-6ea2-4d27-9c49-87d50610b9c3/builds/63f82026-68bd-48e3-898b-1ddd752cabb3/crawls/20210324192658/screens/iter_00000_step_00002_screenshot.png
2021-03-24 19:29:35,447 INFO     test_ai_mod.carbon_explore.interactive -- Interactive explore -- status -- start
2021-03-24 19:29:35,447 INFO     test_ai_mod.carbon_explore.interactive -- Interactive explore -- status -- end
2021-03-24 19:29:43,574 INFO     test_ai_mod.carbon_explore.interactive -- Interactive explore -- status -- start
2021-03-24 19:29:43,575 INFO     test_ai_mod.carbon_explore.interactive -- Interactive explore -- status -- end
2021-03-24 19:29:43,580 INFO     test_ai_mod.carbon_explore.interactive -- Interactive explore -- status -- start
2021-03-24 19:29:43,580 INFO     test_ai_mod.carbon_explore.interactive -- Interactive explore -- status -- end
2021-03-24 19:29:43,582 INFO     root -- Stopping interactive crawl.
2021-03-24 19:29:43,586 INFO     test_ai_mod.carbon_explore.interactive -- Interactive explore -- stop -- start
2021-03-24 19:29:43,586 INFO     test_ai_mod.carbon_explore.interactive -- Interactive explore -- stop -- stop
2021-03-24 19:29:44,086 INFO     test_ai_mod.carbon_explore.explore_hook -- Explore hook -- apply_deferred_runtime_labels starting.
2021-03-24 19:29:44,086 INFO     test_ai_mod.carbon_explore.explore_hook -- Explore hook -- apply_deferred_runtime_labels completed.
2021-03-24 19:29:44,086 INFO     test_ai_mod.carbon_explore.interactive -- Interactive explore -- start_interactive_loop completed.
2021-03-24 19:29:44,086 INFO     test_ai_mod.carbon_explore.explore -- performing post-walk cleanup
2021-03-24 19:29:44,087 INFO     test_ai_mod.carbon_utils.simulator_tools -- performing post-test cleanup
2021-03-24 19:29:44,087 INFO     test_ai_mod.carbon_utils.simulator_tools -- calling driver.quit
2021-03-24 19:29:44,244 INFO     test_ai_mod.carbon_explore.explore -- iteration completed: 0
2021-03-24 19:29:44,244 INFO     test_ai_mod.carbon_tasks.crawl_build_task -- walk: 1 - succeeded
2021-03-24 19:29:44,244 INFO     test_ai_mod.carbon_tasks.crawl_build_task -- Handling crawl stop request.
2021-03-24 19:29:44,246 INFO     test_ai_mod.carbon_dao.local_carbon_dao -- Getting build info: APP_ID: 16a1441e-6ea2-4d27-9c49-87d50610b9c3, BUILD_ID: 63f82026-68bd-48e3-898b-1ddd752cabb3
2021-03-24 19:29:44,247 INFO     test_ai_mod.carbon_dao.local_carbon_dao -- Getting build info: APP_ID: 16a1441e-6ea2-4d27-9c49-87d50610b9c3, BUILD_ID: 63f82026-68bd-48e3-898b-1ddd752cabb3
2021-03-24 19:29:44,247 INFO     test_ai_mod.carbon_tasks.process_crawl_task -- processing crawl: 20210324192658 (app: 16a1441e-6ea2-4d27-9c49-87d50610b9c3, build: 63f82026-68bd-48e3-898b-1ddd752cabb3)
2021-03-24 19:29:44,248 INFO     test_ai_mod.carbon_tasks.process_crawl_task -- processing screens for crawl
2021-03-24 19:29:44,401 INFO     test_ai_mod.carbon_tasks.process_crawl_task -- writing unique screens file
2021-03-24 19:29:44,402 INFO     test_ai_mod.carbon_tasks.process_crawl_task -- writing screen hash map
2021-03-24 19:29:44,405 INFO     test_ai_mod.carbon_tasks.process_crawl_task -- writing screen similarity file
2021-03-24 19:29:44,405 INFO     test_ai_mod.carbon_tasks.process_crawl_task -- processing elements for crawl
2021-03-24 19:29:44,408 INFO     test_ai_mod.carbon_tasks.process_crawl_task -- skipping already processed: iter_00000_step_00002_info.json
2021-03-24 19:29:44,409 INFO     test_ai_mod.carbon_tasks.process_crawl_task -- skipping already processed: iter_00000_step_00001_info.json
2021-03-24 19:29:44,411 INFO     test_ai_mod.carbon_tasks.process_crawl_task -- skipping already processed: iter_00000_step_00000_info.json
2021-03-24 19:29:44,543 INFO     test_ai_mod.carbon_tasks.process_crawl_task -- Writing unique tags file.
2021-03-24 19:29:44,543 INFO     test_ai_mod.carbon_tasks.process_crawl_task -- writing unique elems file
2021-03-24 19:29:44,544 INFO     test_ai_mod.carbon_tasks.process_crawl_task -- writing elem hash map
2021-03-24 19:29:44,551 INFO     test_ai_mod.carbon_tasks.process_crawl_task -- writing elem similarity file
2021-03-24 19:29:44,553 INFO     test_ai_mod.carbon_tasks.process_crawl_task -- generating and saving feature data for crawl
2021-03-24 19:29:44,553 INFO     test_ai_mod.carbon_tasks.generate_feature_data_task -- generating feature data for crawl: 20210324192658, app_id: 16a1441e-6ea2-4d27-9c49-87d50610b9c3, build_id: 63f82026-68bd-48e3-898b-1ddd752cabb3
2021-03-24 19:29:44,554 INFO     test_ai_mod.carbon_tasks.generate_feature_data_task -- generating screen feature data
2021-03-24 19:29:45,239 INFO     test_ai_mod.carbon_tasks.generate_feature_data_task -- saving screen feature data
2021-03-24 19:29:45,242 INFO     test_ai_mod.carbon_tasks.process_crawl_task -- generating labeler objects file for crawl (v0)
2021-03-24 19:29:45,254 INFO     test_ai_mod.carbon_tasks.process_crawl_task -- reconciling screens labeled at runtime
2021-03-24 19:29:45,254 INFO     test_ai_mod.carbon_tasks.process_crawl_task -- reconciling elements labeled at runtime
2021-03-24 19:29:45,260 INFO     test_ai_mod.carbon_tasks.generate_auto_labels_task -- generating auto labels for crawl: 20210324192658, app_id: 16a1441e-6ea2-4d27-9c49-87d50610b9c3, build_id: 63f82026-68bd-48e3-898b-1ddd752cabb3
2021-03-24 19:29:45,262 INFO     test_ai_mod.carbon_dao.local_carbon_dao -- Getting build info: APP_ID: 16a1441e-6ea2-4d27-9c49-87d50610b9c3, BUILD_ID: 63f82026-68bd-48e3-898b-1ddd752cabb3
2021-03-24 19:29:45,264 INFO     test_ai_mod.carbon_dao.local_carbon_dao -- Getting build info: APP_ID: 16a1441e-6ea2-4d27-9c49-87d50610b9c3, BUILD_ID: 63f82026-68bd-48e3-898b-1ddd752cabb3
2021-03-24 19:29:45,273 INFO     test_ai_mod.carbon_tasks.generate_auto_labels_task -- writing merged, suggested labels to file: /Users/bot/test_ai/apps/16a1441e-6ea2-4d27-9c49-87d50610b9c3/builds/63f82026-68bd-48e3-898b-1ddd752cabb3/crawls/20210324192658/labels/suggested_labels.json
2021-03-24 19:29:45,276 INFO     test_ai_mod.carbon_tasks.generate_auto_labels_task -- writing applied hashes to labels to file: /Users/bot/test_ai/apps/16a1441e-6ea2-4d27-9c49-87d50610b9c3/lkg/hashes_to_labels.json
2021-03-24 19:29:45,277 INFO     test_ai_mod.carbon_tasks.generate_auto_labels_task -- writing applied human readable to labels to file: /Users/bot/test_ai/apps/16a1441e-6ea2-4d27-9c49-87d50610b9c3/lkg/human_readable_to_labels.json
2021-03-24 19:29:45,278 INFO     test_ai_mod.carbon_tasks.generate_auto_labels_task -- writing label to hash dicts to file: /Users/bot/test_ai/apps/16a1441e-6ea2-4d27-9c49-87d50610b9c3/lkg/label_to_hash_dicts.json
2021-03-24 19:29:45,278 INFO     test_ai_mod.carbon_tasks.generate_auto_labels_task -- writing human readable to paths to file: /Users/bot/test_ai/apps/16a1441e-6ea2-4d27-9c49-87d50610b9c3/lkg/human_readable_to_paths.json
2021-03-24 19:29:45,278 INFO     test_ai_mod.carbon_classifiers.label_classifier_pipe -- Begin loading configured modules
2021-03-24 19:29:45,279 INFO     test_ai_mod.carbon_classifiers.carbon_classifier_v1.screen_classifier -- Loading ScreenClassifier
2021-03-24 19:29:45,279 INFO     test_ai_mod.carbon_classifiers.template_matching.app_specific_template_matcher -- Loading AppSpecificTemplateMatcher
2021-03-24 19:29:45,279 INFO     test_ai_mod.carbon_classifiers.perceptual.nn_classifier -- Loading NNClassifier
2021-03-24 19:29:45,279 INFO     test_ai_mod.carbon_classifiers.template_matching.template_matching_classifier -- Loading TemplateMatchingClassifier
2021-03-24 19:29:45,279 WARNING  test_ai_mod.carbon_classifiers.template_matching.template_matching_classifier -- No template director exists at /Users/bot/test_ai/templates
2021-03-24 19:29:45,279 INFO     test_ai_mod.carbon_classifiers.http_classifier.http_classifier -- Loaded Http Classifier for ""
2021-03-24 19:29:45,280 INFO     test_ai_mod.carbon_tasks.generate_auto_labels_task -- classifying 2 unique screens
2021-03-24 19:29:45,280 INFO     test_ai_mod.carbon_utils.carbon_data -- loading models from LKG dir
2021-03-24 19:29:45,280 INFO     test_ai_mod.carbon_utils.carbon_data -- loading models from LKG dir
2021-03-24 19:29:45,282 INFO     test_ai_mod.carbon_classifiers.label_classifier_pipe -- Begin labeling elements
2021-03-24 19:29:45,294 INFO     test_ai_mod.carbon_classifiers.template_matching.app_specific_template_matcher -- Classifying screen with AppSpecificTemplateMatcher
2021-03-24 19:29:45,294 INFO     test_ai_mod.carbon_classifiers.perceptual.nn_classifier -- Classifying screen with NNClassifier
2021-03-24 19:29:45,337 INFO     test_ai_mod.carbon_classifiers.label_classifier_pipe -- End labeling elements: Time taken 0.055125951767 seconds
2021-03-24 19:29:45,338 INFO     test_ai_mod.carbon_classifiers.label_classifier_pipe -- Begin labeling elements
2021-03-24 19:29:45,348 INFO     test_ai_mod.carbon_classifiers.template_matching.app_specific_template_matcher -- Classifying screen with AppSpecificTemplateMatcher
2021-03-24 19:29:45,349 INFO     test_ai_mod.carbon_classifiers.perceptual.nn_classifier -- Classifying screen with NNClassifier
2021-03-24 19:29:45,391 INFO     test_ai_mod.carbon_classifiers.label_classifier_pipe -- End labeling elements: Time taken 0.052325963974 seconds
2021-03-24 19:29:45,392 INFO     test_ai_mod.carbon_tasks.generate_auto_labels_task -- classifying 39 unique elems
2021-03-24 19:29:45,398 INFO     test_ai_mod.carbon_utils.carbon_data -- loading models from LKG dir
2021-03-24 19:29:45,399 INFO     test_ai_mod.carbon_utils.carbon_data -- loading models from LKG dir
2021-03-24 19:29:45,399 INFO     test_ai_mod.carbon_classifiers.label_classifier_pipe -- Begin labeling elements
2021-03-24 19:29:45,412 INFO     test_ai_mod.carbon_classifiers.template_matching.app_specific_template_matcher -- Classifying screen with AppSpecificTemplateMatcher
2021-03-24 19:29:45,412 INFO     test_ai_mod.carbon_classifiers.perceptual.nn_classifier -- Classifying screen with NNClassifier
2021-03-24 19:29:45,487 INFO     test_ai_mod.carbon_classifiers.label_classifier_pipe -- End labeling elements: Time taken 0.0880138874054 seconds
2021-03-24 19:29:45,489 INFO     test_ai_mod.carbon_tasks.generate_auto_labels_task -- writing merged, suggested labels to file: /Users/bot/test_ai/apps/16a1441e-6ea2-4d27-9c49-87d50610b9c3/builds/63f82026-68bd-48e3-898b-1ddd752cabb3/crawls/20210324192658/labels/suggested_labels.json
2021-03-24 19:29:45,490 INFO     test_ai_mod.carbon_controllers.crawls -- Removing threaded log file handler for crawl.
